[0.034s] Invoking command in '/home/khalidowlwalid/vehicle_ws/build/vehicle_sim': CMAKE_PREFIX_PATH=${CMAKE_PREFIX_PATH}:/home/khalidowlwalid/vehicle_ws/install/vehicle_spawner_pkg:/home/khalidowlwalid/eufs-master/install/telemetry_server:/home/khalidowlwalid/eufs-master/install/status_monitor:/home/khalidowlwalid/eufs-master/install/state_machine:/home/khalidowlwalid/eufs-master/install/simulation_tests:/home/khalidowlwalid/eufs-master/install/rtk_mapper:/home/khalidowlwalid/eufs-master/install/perception_tests:/home/khalidowlwalid/eufs-master/install/parameter_changer:/home/khalidowlwalid/eufs-master/install/local_planner:/home/khalidowlwalid/eufs-master/install/finish_line_detector:/home/khalidowlwalid/eufs-master/install/evaluator_scripts:/home/khalidowlwalid/eufs-master/install/eufs_urdf:/home/khalidowlwalid/eufs-master/install/eufs_launcher:/home/khalidowlwalid/eufs-master/install/eufs_tracks:/home/khalidowlwalid/eufs-master/install/eufs_rqt:/home/khalidowlwalid/eufs-master/install/eufs_racecar:/home/khalidowlwalid/eufs-master/install/control_eval:/home/khalidowlwalid/eufs-master/install/eufs_data:/home/khalidowlwalid/eufs-master/install/chaos_monkey:/home/khalidowlwalid/dev_ws/install/rtk_mapper:/opt/ros/galactic /usr/bin/cmake --build /home/khalidowlwalid/vehicle_ws/build/vehicle_sim -- -j12 -l12
[0.068s] -- Found ament_cmake: 1.1.5 (/opt/ros/galactic/share/ament_cmake/cmake)
[0.178s] -- Using PYTHON_EXECUTABLE: /home/khalidowlwalid/.pyenv/shims/python3
[0.328s] -- Found ament_lint_auto: 0.10.6 (/opt/ros/galactic/share/ament_lint_auto/cmake)
[0.478s] -- Added test 'copyright' to check source files copyright and LICENSE
[0.480s] -- Added test 'flake8' to check Python code syntax and style conventions
[0.480s] -- Added test 'lint_cmake' to check CMake code style
[0.481s] -- Added test 'pep257' to check Python code against some of the style conventions in PEP 257
[0.482s] -- Added test 'xmllint' to check XML markup files
[0.483s] -- Configuring done
[0.485s] -- Generating done
[0.486s] -- Build files have been written to: /home/khalidowlwalid/vehicle_ws/build/vehicle_sim
[0.515s] Invoked command in '/home/khalidowlwalid/vehicle_ws/build/vehicle_sim' returned '0': CMAKE_PREFIX_PATH=${CMAKE_PREFIX_PATH}:/home/khalidowlwalid/vehicle_ws/install/vehicle_spawner_pkg:/home/khalidowlwalid/eufs-master/install/telemetry_server:/home/khalidowlwalid/eufs-master/install/status_monitor:/home/khalidowlwalid/eufs-master/install/state_machine:/home/khalidowlwalid/eufs-master/install/simulation_tests:/home/khalidowlwalid/eufs-master/install/rtk_mapper:/home/khalidowlwalid/eufs-master/install/perception_tests:/home/khalidowlwalid/eufs-master/install/parameter_changer:/home/khalidowlwalid/eufs-master/install/local_planner:/home/khalidowlwalid/eufs-master/install/finish_line_detector:/home/khalidowlwalid/eufs-master/install/evaluator_scripts:/home/khalidowlwalid/eufs-master/install/eufs_urdf:/home/khalidowlwalid/eufs-master/install/eufs_launcher:/home/khalidowlwalid/eufs-master/install/eufs_tracks:/home/khalidowlwalid/eufs-master/install/eufs_rqt:/home/khalidowlwalid/eufs-master/install/eufs_racecar:/home/khalidowlwalid/eufs-master/install/control_eval:/home/khalidowlwalid/eufs-master/install/eufs_data:/home/khalidowlwalid/eufs-master/install/chaos_monkey:/home/khalidowlwalid/dev_ws/install/rtk_mapper:/opt/ros/galactic /usr/bin/cmake --build /home/khalidowlwalid/vehicle_ws/build/vehicle_sim -- -j12 -l12
[0.563s] Invoking command in '/home/khalidowlwalid/vehicle_ws/build/vehicle_sim': CMAKE_PREFIX_PATH=${CMAKE_PREFIX_PATH}:/home/khalidowlwalid/vehicle_ws/install/vehicle_spawner_pkg:/home/khalidowlwalid/eufs-master/install/telemetry_server:/home/khalidowlwalid/eufs-master/install/status_monitor:/home/khalidowlwalid/eufs-master/install/state_machine:/home/khalidowlwalid/eufs-master/install/simulation_tests:/home/khalidowlwalid/eufs-master/install/rtk_mapper:/home/khalidowlwalid/eufs-master/install/perception_tests:/home/khalidowlwalid/eufs-master/install/parameter_changer:/home/khalidowlwalid/eufs-master/install/local_planner:/home/khalidowlwalid/eufs-master/install/finish_line_detector:/home/khalidowlwalid/eufs-master/install/evaluator_scripts:/home/khalidowlwalid/eufs-master/install/eufs_urdf:/home/khalidowlwalid/eufs-master/install/eufs_launcher:/home/khalidowlwalid/eufs-master/install/eufs_tracks:/home/khalidowlwalid/eufs-master/install/eufs_rqt:/home/khalidowlwalid/eufs-master/install/eufs_racecar:/home/khalidowlwalid/eufs-master/install/control_eval:/home/khalidowlwalid/eufs-master/install/eufs_data:/home/khalidowlwalid/eufs-master/install/chaos_monkey:/home/khalidowlwalid/dev_ws/install/rtk_mapper:/opt/ros/galactic /usr/bin/cmake --install /home/khalidowlwalid/vehicle_ws/build/vehicle_sim
[0.573s] -- Install configuration: ""
[0.574s] -- Up-to-date: /home/khalidowlwalid/vehicle_ws/install/vehicle_sim/share/vehicle_sim/launch
[0.574s] -- Up-to-date: /home/khalidowlwalid/vehicle_ws/install/vehicle_sim/share/vehicle_sim/launch/__pycache__
[0.574s] -- Up-to-date: /home/khalidowlwalid/vehicle_ws/install/vehicle_sim/share/vehicle_sim/launch/__pycache__/rviz.launch.cpython-38.pyc
[0.574s] -- Up-to-date: /home/khalidowlwalid/vehicle_ws/install/vehicle_sim/share/vehicle_sim/launch/rviz.launch.py
[0.574s] -- Up-to-date: /home/khalidowlwalid/vehicle_ws/install/vehicle_sim/share/vehicle_sim/worlds
[0.574s] -- Up-to-date: /home/khalidowlwalid/vehicle_ws/install/vehicle_sim/share/vehicle_sim/worlds/empty.world
[0.574s] -- Installing: /home/khalidowlwalid/vehicle_ws/install/vehicle_sim/share/vehicle_sim/models
[0.574s] -- Installing: /home/khalidowlwalid/vehicle_ws/install/vehicle_sim/share/vehicle_sim/models/my_robot
[0.574s] -- Installing: /home/khalidowlwalid/vehicle_ws/install/vehicle_sim/share/vehicle_sim/models/my_robot/model.sdf
[0.574s] -- Installing: /home/khalidowlwalid/vehicle_ws/install/vehicle_sim/share/vehicle_sim/models/my_robot/model.config
[0.575s] -- Up-to-date: /home/khalidowlwalid/vehicle_ws/install/vehicle_sim/share/ament_index/resource_index/package_run_dependencies/vehicle_sim
[0.575s] -- Up-to-date: /home/khalidowlwalid/vehicle_ws/install/vehicle_sim/share/ament_index/resource_index/parent_prefix_path/vehicle_sim
[0.575s] -- Up-to-date: /home/khalidowlwalid/vehicle_ws/install/vehicle_sim/share/vehicle_sim/environment/ament_prefix_path.sh
[0.575s] -- Installing: /home/khalidowlwalid/vehicle_ws/install/vehicle_sim/share/vehicle_sim/environment/ament_prefix_path.dsv
[0.575s] -- Up-to-date: /home/khalidowlwalid/vehicle_ws/install/vehicle_sim/share/vehicle_sim/environment/path.sh
[0.575s] -- Installing: /home/khalidowlwalid/vehicle_ws/install/vehicle_sim/share/vehicle_sim/environment/path.dsv
[0.575s] -- Up-to-date: /home/khalidowlwalid/vehicle_ws/install/vehicle_sim/share/vehicle_sim/local_setup.bash
[0.575s] -- Up-to-date: /home/khalidowlwalid/vehicle_ws/install/vehicle_sim/share/vehicle_sim/local_setup.sh
[0.575s] -- Up-to-date: /home/khalidowlwalid/vehicle_ws/install/vehicle_sim/share/vehicle_sim/local_setup.zsh
[0.575s] -- Installing: /home/khalidowlwalid/vehicle_ws/install/vehicle_sim/share/vehicle_sim/local_setup.dsv
[0.575s] -- Installing: /home/khalidowlwalid/vehicle_ws/install/vehicle_sim/share/vehicle_sim/package.dsv
[0.575s] -- Up-to-date: /home/khalidowlwalid/vehicle_ws/install/vehicle_sim/share/ament_index/resource_index/packages/vehicle_sim
[0.575s] -- Up-to-date: /home/khalidowlwalid/vehicle_ws/install/vehicle_sim/share/vehicle_sim/cmake/vehicle_simConfig.cmake
[0.575s] -- Up-to-date: /home/khalidowlwalid/vehicle_ws/install/vehicle_sim/share/vehicle_sim/cmake/vehicle_simConfig-version.cmake
[0.576s] -- Up-to-date: /home/khalidowlwalid/vehicle_ws/install/vehicle_sim/share/vehicle_sim/package.xml
[0.577s] Invoked command in '/home/khalidowlwalid/vehicle_ws/build/vehicle_sim' returned '0': CMAKE_PREFIX_PATH=${CMAKE_PREFIX_PATH}:/home/khalidowlwalid/vehicle_ws/install/vehicle_spawner_pkg:/home/khalidowlwalid/eufs-master/install/telemetry_server:/home/khalidowlwalid/eufs-master/install/status_monitor:/home/khalidowlwalid/eufs-master/install/state_machine:/home/khalidowlwalid/eufs-master/install/simulation_tests:/home/khalidowlwalid/eufs-master/install/rtk_mapper:/home/khalidowlwalid/eufs-master/install/perception_tests:/home/khalidowlwalid/eufs-master/install/parameter_changer:/home/khalidowlwalid/eufs-master/install/local_planner:/home/khalidowlwalid/eufs-master/install/finish_line_detector:/home/khalidowlwalid/eufs-master/install/evaluator_scripts:/home/khalidowlwalid/eufs-master/install/eufs_urdf:/home/khalidowlwalid/eufs-master/install/eufs_launcher:/home/khalidowlwalid/eufs-master/install/eufs_tracks:/home/khalidowlwalid/eufs-master/install/eufs_rqt:/home/khalidowlwalid/eufs-master/install/eufs_racecar:/home/khalidowlwalid/eufs-master/install/control_eval:/home/khalidowlwalid/eufs-master/install/eufs_data:/home/khalidowlwalid/eufs-master/install/chaos_monkey:/home/khalidowlwalid/dev_ws/install/rtk_mapper:/opt/ros/galactic /usr/bin/cmake --install /home/khalidowlwalid/vehicle_ws/build/vehicle_sim
