[0.031s] Invoking command in '/home/khalidowlwalid/vehicle_ws/build/vehicle_sim': CMAKE_PREFIX_PATH=${CMAKE_PREFIX_PATH}:/home/khalidowlwalid/vehicle_ws/install/vehicle_spawner_pkg:/home/khalidowlwalid/eufs-master/install/telemetry_server:/home/khalidowlwalid/eufs-master/install/status_monitor:/home/khalidowlwalid/eufs-master/install/state_machine:/home/khalidowlwalid/eufs-master/install/simulation_tests:/home/khalidowlwalid/eufs-master/install/rtk_mapper:/home/khalidowlwalid/eufs-master/install/perception_tests:/home/khalidowlwalid/eufs-master/install/parameter_changer:/home/khalidowlwalid/eufs-master/install/local_planner:/home/khalidowlwalid/eufs-master/install/finish_line_detector:/home/khalidowlwalid/eufs-master/install/evaluator_scripts:/home/khalidowlwalid/eufs-master/install/eufs_urdf:/home/khalidowlwalid/eufs-master/install/eufs_launcher:/home/khalidowlwalid/eufs-master/install/eufs_tracks:/home/khalidowlwalid/eufs-master/install/eufs_rqt:/home/khalidowlwalid/eufs-master/install/eufs_racecar:/home/khalidowlwalid/eufs-master/install/control_eval:/home/khalidowlwalid/eufs-master/install/eufs_data:/home/khalidowlwalid/eufs-master/install/chaos_monkey:/home/khalidowlwalid/dev_ws/install/rtk_mapper:/opt/ros/galactic /usr/bin/cmake /home/khalidowlwalid/vehicle_ws/src/vehicle_sim -DCMAKE_INSTALL_PREFIX=/home/khalidowlwalid/vehicle_ws/install/vehicle_sim
[0.099s] -- The C compiler identification is GNU 9.4.0
[0.167s] -- The CXX compiler identification is GNU 9.4.0
[0.175s] -- Check for working C compiler: /usr/bin/cc
[0.257s] -- Check for working C compiler: /usr/bin/cc -- works
[0.258s] -- Detecting C compiler ABI info
[0.341s] -- Detecting C compiler ABI info - done
[0.353s] -- Detecting C compile features
[0.353s] -- Detecting C compile features - done
[0.356s] -- Check for working CXX compiler: /usr/bin/c++
[0.449s] -- Check for working CXX compiler: /usr/bin/c++ -- works
[0.450s] -- Detecting CXX compiler ABI info
[0.548s] -- Detecting CXX compiler ABI info - done
[0.560s] -- Detecting CXX compile features
[0.561s] -- Detecting CXX compile features - done
[0.567s] -- Found ament_cmake: 1.1.5 (/opt/ros/galactic/share/ament_cmake/cmake)
[0.684s] -- Found PythonInterp: /home/khalidowlwalid/.pyenv/shims/python3 (found suitable version "3.8.10", minimum required is "3") 
[0.684s] -- Using PYTHON_EXECUTABLE: /home/khalidowlwalid/.pyenv/shims/python3
[0.904s] -- Found ament_lint_auto: 0.10.6 (/opt/ros/galactic/share/ament_lint_auto/cmake)
[1.099s] -- Added test 'copyright' to check source files copyright and LICENSE
[1.103s] -- Added test 'flake8' to check Python code syntax and style conventions
[1.104s] -- Added test 'lint_cmake' to check CMake code style
[1.106s] -- Added test 'pep257' to check Python code against some of the style conventions in PEP 257
[1.107s] -- Added test 'xmllint' to check XML markup files
[1.111s] -- Configuring done
[1.113s] -- Generating done
[1.114s] -- Build files have been written to: /home/khalidowlwalid/vehicle_ws/build/vehicle_sim
[1.118s] Invoked command in '/home/khalidowlwalid/vehicle_ws/build/vehicle_sim' returned '0': CMAKE_PREFIX_PATH=${CMAKE_PREFIX_PATH}:/home/khalidowlwalid/vehicle_ws/install/vehicle_spawner_pkg:/home/khalidowlwalid/eufs-master/install/telemetry_server:/home/khalidowlwalid/eufs-master/install/status_monitor:/home/khalidowlwalid/eufs-master/install/state_machine:/home/khalidowlwalid/eufs-master/install/simulation_tests:/home/khalidowlwalid/eufs-master/install/rtk_mapper:/home/khalidowlwalid/eufs-master/install/perception_tests:/home/khalidowlwalid/eufs-master/install/parameter_changer:/home/khalidowlwalid/eufs-master/install/local_planner:/home/khalidowlwalid/eufs-master/install/finish_line_detector:/home/khalidowlwalid/eufs-master/install/evaluator_scripts:/home/khalidowlwalid/eufs-master/install/eufs_urdf:/home/khalidowlwalid/eufs-master/install/eufs_launcher:/home/khalidowlwalid/eufs-master/install/eufs_tracks:/home/khalidowlwalid/eufs-master/install/eufs_rqt:/home/khalidowlwalid/eufs-master/install/eufs_racecar:/home/khalidowlwalid/eufs-master/install/control_eval:/home/khalidowlwalid/eufs-master/install/eufs_data:/home/khalidowlwalid/eufs-master/install/chaos_monkey:/home/khalidowlwalid/dev_ws/install/rtk_mapper:/opt/ros/galactic /usr/bin/cmake /home/khalidowlwalid/vehicle_ws/src/vehicle_sim -DCMAKE_INSTALL_PREFIX=/home/khalidowlwalid/vehicle_ws/install/vehicle_sim
[1.121s] Invoking command in '/home/khalidowlwalid/vehicle_ws/build/vehicle_sim': CMAKE_PREFIX_PATH=${CMAKE_PREFIX_PATH}:/home/khalidowlwalid/vehicle_ws/install/vehicle_spawner_pkg:/home/khalidowlwalid/eufs-master/install/telemetry_server:/home/khalidowlwalid/eufs-master/install/status_monitor:/home/khalidowlwalid/eufs-master/install/state_machine:/home/khalidowlwalid/eufs-master/install/simulation_tests:/home/khalidowlwalid/eufs-master/install/rtk_mapper:/home/khalidowlwalid/eufs-master/install/perception_tests:/home/khalidowlwalid/eufs-master/install/parameter_changer:/home/khalidowlwalid/eufs-master/install/local_planner:/home/khalidowlwalid/eufs-master/install/finish_line_detector:/home/khalidowlwalid/eufs-master/install/evaluator_scripts:/home/khalidowlwalid/eufs-master/install/eufs_urdf:/home/khalidowlwalid/eufs-master/install/eufs_launcher:/home/khalidowlwalid/eufs-master/install/eufs_tracks:/home/khalidowlwalid/eufs-master/install/eufs_rqt:/home/khalidowlwalid/eufs-master/install/eufs_racecar:/home/khalidowlwalid/eufs-master/install/control_eval:/home/khalidowlwalid/eufs-master/install/eufs_data:/home/khalidowlwalid/eufs-master/install/chaos_monkey:/home/khalidowlwalid/dev_ws/install/rtk_mapper:/opt/ros/galactic /usr/bin/cmake --build /home/khalidowlwalid/vehicle_ws/build/vehicle_sim -- -j12 -l12
[1.173s] Invoked command in '/home/khalidowlwalid/vehicle_ws/build/vehicle_sim' returned '0': CMAKE_PREFIX_PATH=${CMAKE_PREFIX_PATH}:/home/khalidowlwalid/vehicle_ws/install/vehicle_spawner_pkg:/home/khalidowlwalid/eufs-master/install/telemetry_server:/home/khalidowlwalid/eufs-master/install/status_monitor:/home/khalidowlwalid/eufs-master/install/state_machine:/home/khalidowlwalid/eufs-master/install/simulation_tests:/home/khalidowlwalid/eufs-master/install/rtk_mapper:/home/khalidowlwalid/eufs-master/install/perception_tests:/home/khalidowlwalid/eufs-master/install/parameter_changer:/home/khalidowlwalid/eufs-master/install/local_planner:/home/khalidowlwalid/eufs-master/install/finish_line_detector:/home/khalidowlwalid/eufs-master/install/evaluator_scripts:/home/khalidowlwalid/eufs-master/install/eufs_urdf:/home/khalidowlwalid/eufs-master/install/eufs_launcher:/home/khalidowlwalid/eufs-master/install/eufs_tracks:/home/khalidowlwalid/eufs-master/install/eufs_rqt:/home/khalidowlwalid/eufs-master/install/eufs_racecar:/home/khalidowlwalid/eufs-master/install/control_eval:/home/khalidowlwalid/eufs-master/install/eufs_data:/home/khalidowlwalid/eufs-master/install/chaos_monkey:/home/khalidowlwalid/dev_ws/install/rtk_mapper:/opt/ros/galactic /usr/bin/cmake --build /home/khalidowlwalid/vehicle_ws/build/vehicle_sim -- -j12 -l12
[1.223s] Invoking command in '/home/khalidowlwalid/vehicle_ws/build/vehicle_sim': CMAKE_PREFIX_PATH=${CMAKE_PREFIX_PATH}:/home/khalidowlwalid/vehicle_ws/install/vehicle_spawner_pkg:/home/khalidowlwalid/eufs-master/install/telemetry_server:/home/khalidowlwalid/eufs-master/install/status_monitor:/home/khalidowlwalid/eufs-master/install/state_machine:/home/khalidowlwalid/eufs-master/install/simulation_tests:/home/khalidowlwalid/eufs-master/install/rtk_mapper:/home/khalidowlwalid/eufs-master/install/perception_tests:/home/khalidowlwalid/eufs-master/install/parameter_changer:/home/khalidowlwalid/eufs-master/install/local_planner:/home/khalidowlwalid/eufs-master/install/finish_line_detector:/home/khalidowlwalid/eufs-master/install/evaluator_scripts:/home/khalidowlwalid/eufs-master/install/eufs_urdf:/home/khalidowlwalid/eufs-master/install/eufs_launcher:/home/khalidowlwalid/eufs-master/install/eufs_tracks:/home/khalidowlwalid/eufs-master/install/eufs_rqt:/home/khalidowlwalid/eufs-master/install/eufs_racecar:/home/khalidowlwalid/eufs-master/install/control_eval:/home/khalidowlwalid/eufs-master/install/eufs_data:/home/khalidowlwalid/eufs-master/install/chaos_monkey:/home/khalidowlwalid/dev_ws/install/rtk_mapper:/opt/ros/galactic /usr/bin/cmake --install /home/khalidowlwalid/vehicle_ws/build/vehicle_sim
[1.234s] -- Install configuration: ""
[1.235s] -- Installing: /home/khalidowlwalid/vehicle_ws/install/vehicle_sim/share/vehicle_sim/launch
[1.235s] -- Installing: /home/khalidowlwalid/vehicle_ws/install/vehicle_sim/share/vehicle_sim/launch/__pycache__
[1.235s] -- Installing: /home/khalidowlwalid/vehicle_ws/install/vehicle_sim/share/vehicle_sim/launch/__pycache__/rviz.launch.cpython-38.pyc
[1.235s] -- Installing: /home/khalidowlwalid/vehicle_ws/install/vehicle_sim/share/vehicle_sim/launch/rviz.launch.py
[1.235s] -- Installing: /home/khalidowlwalid/vehicle_ws/install/vehicle_sim/share/vehicle_sim/worlds
[1.235s] -- Installing: /home/khalidowlwalid/vehicle_ws/install/vehicle_sim/share/vehicle_sim/worlds/empty.world
[1.235s] -- Installing: /home/khalidowlwalid/vehicle_ws/install/vehicle_sim/share/ament_index/resource_index/package_run_dependencies/vehicle_sim
[1.235s] -- Installing: /home/khalidowlwalid/vehicle_ws/install/vehicle_sim/share/ament_index/resource_index/parent_prefix_path/vehicle_sim
[1.235s] -- Installing: /home/khalidowlwalid/vehicle_ws/install/vehicle_sim/share/vehicle_sim/environment/ament_prefix_path.sh
[1.235s] -- Installing: /home/khalidowlwalid/vehicle_ws/install/vehicle_sim/share/vehicle_sim/environment/ament_prefix_path.dsv
[1.235s] -- Installing: /home/khalidowlwalid/vehicle_ws/install/vehicle_sim/share/vehicle_sim/environment/path.sh
[1.236s] -- Installing: /home/khalidowlwalid/vehicle_ws/install/vehicle_sim/share/vehicle_sim/environment/path.dsv
[1.236s] -- Installing: /home/khalidowlwalid/vehicle_ws/install/vehicle_sim/share/vehicle_sim/local_setup.bash
[1.236s] -- Installing: /home/khalidowlwalid/vehicle_ws/install/vehicle_sim/share/vehicle_sim/local_setup.sh
[1.236s] -- Installing: /home/khalidowlwalid/vehicle_ws/install/vehicle_sim/share/vehicle_sim/local_setup.zsh
[1.236s] -- Installing: /home/khalidowlwalid/vehicle_ws/install/vehicle_sim/share/vehicle_sim/local_setup.dsv
[1.236s] -- Installing: /home/khalidowlwalid/vehicle_ws/install/vehicle_sim/share/vehicle_sim/package.dsv
[1.236s] -- Installing: /home/khalidowlwalid/vehicle_ws/install/vehicle_sim/share/ament_index/resource_index/packages/vehicle_sim
[1.236s] -- Installing: /home/khalidowlwalid/vehicle_ws/install/vehicle_sim/share/vehicle_sim/cmake/vehicle_simConfig.cmake
[1.236s] -- Installing: /home/khalidowlwalid/vehicle_ws/install/vehicle_sim/share/vehicle_sim/cmake/vehicle_simConfig-version.cmake
[1.236s] -- Installing: /home/khalidowlwalid/vehicle_ws/install/vehicle_sim/share/vehicle_sim/package.xml
[1.240s] Invoked command in '/home/khalidowlwalid/vehicle_ws/build/vehicle_sim' returned '0': CMAKE_PREFIX_PATH=${CMAKE_PREFIX_PATH}:/home/khalidowlwalid/vehicle_ws/install/vehicle_spawner_pkg:/home/khalidowlwalid/eufs-master/install/telemetry_server:/home/khalidowlwalid/eufs-master/install/status_monitor:/home/khalidowlwalid/eufs-master/install/state_machine:/home/khalidowlwalid/eufs-master/install/simulation_tests:/home/khalidowlwalid/eufs-master/install/rtk_mapper:/home/khalidowlwalid/eufs-master/install/perception_tests:/home/khalidowlwalid/eufs-master/install/parameter_changer:/home/khalidowlwalid/eufs-master/install/local_planner:/home/khalidowlwalid/eufs-master/install/finish_line_detector:/home/khalidowlwalid/eufs-master/install/evaluator_scripts:/home/khalidowlwalid/eufs-master/install/eufs_urdf:/home/khalidowlwalid/eufs-master/install/eufs_launcher:/home/khalidowlwalid/eufs-master/install/eufs_tracks:/home/khalidowlwalid/eufs-master/install/eufs_rqt:/home/khalidowlwalid/eufs-master/install/eufs_racecar:/home/khalidowlwalid/eufs-master/install/control_eval:/home/khalidowlwalid/eufs-master/install/eufs_data:/home/khalidowlwalid/eufs-master/install/chaos_monkey:/home/khalidowlwalid/dev_ws/install/rtk_mapper:/opt/ros/galactic /usr/bin/cmake --install /home/khalidowlwalid/vehicle_ws/build/vehicle_sim
