[0.162s] DEBUG:colcon:Command line arguments: ['/usr/bin/colcon', 'build']
[0.163s] DEBUG:colcon:Parsed command line arguments: Namespace(allow_overriding=[], ament_cmake_args=None, base_paths=['.'], build_base='build', catkin_cmake_args=None, catkin_skip_building_tests=False, cmake_args=None, cmake_clean_cache=False, cmake_clean_first=False, cmake_force_configure=False, cmake_target=None, cmake_target_skip_unavailable=False, continue_on_error=<colcon_core.argument_default.BooleanDefaultValue object at 0x7f3d8bb1f550>, event_handlers=None, executor='parallel', ignore_user_meta=False, install_base='install', log_base=None, log_level=None, main=<bound method BuildVerb.main of <colcon_core.verb.build.BuildVerb object at 0x7f3d8ba40640>>, merge_install=False, metas=['./colcon.meta'], packages_above=None, packages_above_and_dependencies=None, packages_above_depth=None, packages_end=None, packages_ignore=None, packages_ignore_regex=None, packages_select=None, packages_select_build_failed=False, packages_select_by_dep=None, packages_select_regex=None, packages_select_test_failures=False, packages_skip=['zed_components', 'zed_interfaces', 'zed_ros2', 'zed_wrapper', 'ros_can', 'allan_deviation', 'ecl_command_line', 'ecl_core', 'ecl_core_apps', 'ecl_devices', 'ecl_filesystem', 'ecl_ipc', 'ecl_manipulators', 'ecl_mobile_robot', 'ecl_sigslots', 'ecl_statistics', 'ecl_streams', 'ecl_threads', 'ecl_time', 'ecl_console', 'ecl_converters_lite', 'ecl_io', 'ecl_lite', 'ecl_sigslots_lite', 'ecl_time_lite'], packages_skip_build_finished=False, packages_skip_by_dep=None, packages_skip_regex=None, packages_skip_test_passed=False, packages_skip_up_to=None, packages_start=None, packages_up_to=None, packages_up_to_regex=None, parallel_workers=12, paths=None, symlink_install=False, test_result_base=None, verb_extension=<colcon_core.verb.build.BuildVerb object at 0x7f3d8ba40640>, verb_name='build', verb_parser=<colcon_defaults.argument_parser.defaults.DefaultArgumentsDecorator object at 0x7f3d8ba40b80>)
[0.168s] Level 1:colcon.colcon_core.package_discovery:discover_packages(colcon_meta) check parameters
[0.168s] Level 1:colcon.colcon_core.package_discovery:discover_packages(recursive) check parameters
[0.168s] Level 1:colcon.colcon_core.package_discovery:discover_packages(ignore) check parameters
[0.168s] Level 1:colcon.colcon_core.package_discovery:discover_packages(path) check parameters
[0.168s] Level 1:colcon.colcon_core.package_discovery:discover_packages(colcon_meta) discover
[0.168s] Level 1:colcon.colcon_core.package_discovery:discover_packages(recursive) discover
[0.168s] INFO:colcon.colcon_core.package_discovery:Crawling recursively for packages in '/home/khalidowlwalid/vehicle_ws'
[0.168s] Level 1:colcon.colcon_core.package_identification:_identify(.) by extensions ['ignore', 'ignore_ament_install']
[0.168s] Level 1:colcon.colcon_core.package_identification:_identify(.) by extension 'ignore'
[0.169s] Level 1:colcon.colcon_core.package_identification:_identify(.) by extension 'ignore_ament_install'
[0.169s] Level 1:colcon.colcon_core.package_identification:_identify(.) by extensions ['colcon_pkg']
[0.169s] Level 1:colcon.colcon_core.package_identification:_identify(.) by extension 'colcon_pkg'
[0.169s] Level 1:colcon.colcon_core.package_identification:_identify(.) by extensions ['colcon_meta']
[0.169s] Level 1:colcon.colcon_core.package_identification:_identify(.) by extension 'colcon_meta'
[0.169s] Level 1:colcon.colcon_core.package_identification:_identify(.) by extensions ['ros']
[0.169s] Level 1:colcon.colcon_core.package_identification:_identify(.) by extension 'ros'
[0.180s] Level 1:colcon.colcon_core.package_identification:_identify(.) by extensions ['cmake', 'python']
[0.180s] Level 1:colcon.colcon_core.package_identification:_identify(.) by extension 'cmake'
[0.180s] Level 1:colcon.colcon_core.package_identification:_identify(.) by extension 'python'
[0.180s] Level 1:colcon.colcon_core.package_identification:_identify(.) by extensions ['python_setup_py']
[0.180s] Level 1:colcon.colcon_core.package_identification:_identify(.) by extension 'python_setup_py'
[0.180s] Level 1:colcon.colcon_core.package_identification:_identify(build) by extensions ['ignore', 'ignore_ament_install']
[0.180s] Level 1:colcon.colcon_core.package_identification:_identify(build) by extension 'ignore'
[0.180s] Level 1:colcon.colcon_core.package_identification:_identify(build) ignored
[0.181s] Level 1:colcon.colcon_core.package_identification:_identify(install) by extensions ['ignore', 'ignore_ament_install']
[0.181s] Level 1:colcon.colcon_core.package_identification:_identify(install) by extension 'ignore'
[0.181s] Level 1:colcon.colcon_core.package_identification:_identify(install) ignored
[0.181s] Level 1:colcon.colcon_core.package_identification:_identify(log) by extensions ['ignore', 'ignore_ament_install']
[0.181s] Level 1:colcon.colcon_core.package_identification:_identify(log) by extension 'ignore'
[0.181s] Level 1:colcon.colcon_core.package_identification:_identify(log) ignored
[0.181s] Level 1:colcon.colcon_core.package_identification:_identify(src) by extensions ['ignore', 'ignore_ament_install']
[0.181s] Level 1:colcon.colcon_core.package_identification:_identify(src) by extension 'ignore'
[0.181s] Level 1:colcon.colcon_core.package_identification:_identify(src) by extension 'ignore_ament_install'
[0.181s] Level 1:colcon.colcon_core.package_identification:_identify(src) by extensions ['colcon_pkg']
[0.181s] Level 1:colcon.colcon_core.package_identification:_identify(src) by extension 'colcon_pkg'
[0.181s] Level 1:colcon.colcon_core.package_identification:_identify(src) by extensions ['colcon_meta']
[0.181s] Level 1:colcon.colcon_core.package_identification:_identify(src) by extension 'colcon_meta'
[0.181s] Level 1:colcon.colcon_core.package_identification:_identify(src) by extensions ['ros']
[0.181s] Level 1:colcon.colcon_core.package_identification:_identify(src) by extension 'ros'
[0.181s] Level 1:colcon.colcon_core.package_identification:_identify(src) by extensions ['cmake', 'python']
[0.181s] Level 1:colcon.colcon_core.package_identification:_identify(src) by extension 'cmake'
[0.181s] Level 1:colcon.colcon_core.package_identification:_identify(src) by extension 'python'
[0.181s] Level 1:colcon.colcon_core.package_identification:_identify(src) by extensions ['python_setup_py']
[0.181s] Level 1:colcon.colcon_core.package_identification:_identify(src) by extension 'python_setup_py'
[0.182s] Level 1:colcon.colcon_core.package_identification:_identify(src/vehicle_sim) by extensions ['ignore', 'ignore_ament_install']
[0.182s] Level 1:colcon.colcon_core.package_identification:_identify(src/vehicle_sim) by extension 'ignore'
[0.182s] Level 1:colcon.colcon_core.package_identification:_identify(src/vehicle_sim) by extension 'ignore_ament_install'
[0.182s] Level 1:colcon.colcon_core.package_identification:_identify(src/vehicle_sim) by extensions ['colcon_pkg']
[0.182s] Level 1:colcon.colcon_core.package_identification:_identify(src/vehicle_sim) by extension 'colcon_pkg'
[0.182s] Level 1:colcon.colcon_core.package_identification:_identify(src/vehicle_sim) by extensions ['colcon_meta']
[0.182s] Level 1:colcon.colcon_core.package_identification:_identify(src/vehicle_sim) by extension 'colcon_meta'
[0.182s] Level 1:colcon.colcon_core.package_identification:_identify(src/vehicle_sim) by extensions ['ros']
[0.182s] Level 1:colcon.colcon_core.package_identification:_identify(src/vehicle_sim) by extension 'ros'
[0.184s] DEBUG:colcon.colcon_core.package_identification:Package 'src/vehicle_sim' with type 'ros.ament_cmake' and name 'vehicle_sim'
[0.185s] Level 1:colcon.colcon_core.package_identification:_identify(src/vehicle_spawner_pkg) by extensions ['ignore', 'ignore_ament_install']
[0.185s] Level 1:colcon.colcon_core.package_identification:_identify(src/vehicle_spawner_pkg) by extension 'ignore'
[0.185s] Level 1:colcon.colcon_core.package_identification:_identify(src/vehicle_spawner_pkg) by extension 'ignore_ament_install'
[0.185s] Level 1:colcon.colcon_core.package_identification:_identify(src/vehicle_spawner_pkg) by extensions ['colcon_pkg']
[0.185s] Level 1:colcon.colcon_core.package_identification:_identify(src/vehicle_spawner_pkg) by extension 'colcon_pkg'
[0.185s] Level 1:colcon.colcon_core.package_identification:_identify(src/vehicle_spawner_pkg) by extensions ['colcon_meta']
[0.185s] Level 1:colcon.colcon_core.package_identification:_identify(src/vehicle_spawner_pkg) by extension 'colcon_meta'
[0.185s] Level 1:colcon.colcon_core.package_identification:_identify(src/vehicle_spawner_pkg) by extensions ['ros']
[0.185s] Level 1:colcon.colcon_core.package_identification:_identify(src/vehicle_spawner_pkg) by extension 'ros'
[0.185s] DEBUG:colcon.colcon_core.package_identification:Package 'src/vehicle_spawner_pkg' with type 'ros.ament_python' and name 'vehicle_spawner_pkg'
[0.185s] Level 1:colcon.colcon_core.package_discovery:discover_packages(recursive) using defaults
[0.185s] Level 1:colcon.colcon_core.package_discovery:discover_packages(ignore) discover
[0.185s] Level 1:colcon.colcon_core.package_discovery:discover_packages(ignore) using defaults
[0.186s] Level 1:colcon.colcon_core.package_discovery:discover_packages(path) discover
[0.186s] Level 1:colcon.colcon_core.package_discovery:discover_packages(path) using defaults
[0.186s] WARNING:colcon.colcon_core.package_selection:ignoring unknown package 'zed_components' in --packages-skip
[0.186s] WARNING:colcon.colcon_core.package_selection:ignoring unknown package 'zed_interfaces' in --packages-skip
[0.186s] WARNING:colcon.colcon_core.package_selection:ignoring unknown package 'zed_ros2' in --packages-skip
[0.186s] WARNING:colcon.colcon_core.package_selection:ignoring unknown package 'zed_wrapper' in --packages-skip
[0.186s] WARNING:colcon.colcon_core.package_selection:ignoring unknown package 'ros_can' in --packages-skip
[0.186s] WARNING:colcon.colcon_core.package_selection:ignoring unknown package 'allan_deviation' in --packages-skip
[0.187s] WARNING:colcon.colcon_core.package_selection:ignoring unknown package 'ecl_command_line' in --packages-skip
[0.187s] WARNING:colcon.colcon_core.package_selection:ignoring unknown package 'ecl_core' in --packages-skip
[0.187s] WARNING:colcon.colcon_core.package_selection:ignoring unknown package 'ecl_core_apps' in --packages-skip
[0.187s] WARNING:colcon.colcon_core.package_selection:ignoring unknown package 'ecl_devices' in --packages-skip
[0.187s] WARNING:colcon.colcon_core.package_selection:ignoring unknown package 'ecl_filesystem' in --packages-skip
[0.187s] WARNING:colcon.colcon_core.package_selection:ignoring unknown package 'ecl_ipc' in --packages-skip
[0.187s] WARNING:colcon.colcon_core.package_selection:ignoring unknown package 'ecl_manipulators' in --packages-skip
[0.187s] WARNING:colcon.colcon_core.package_selection:ignoring unknown package 'ecl_mobile_robot' in --packages-skip
[0.187s] WARNING:colcon.colcon_core.package_selection:ignoring unknown package 'ecl_sigslots' in --packages-skip
[0.187s] WARNING:colcon.colcon_core.package_selection:ignoring unknown package 'ecl_statistics' in --packages-skip
[0.187s] WARNING:colcon.colcon_core.package_selection:ignoring unknown package 'ecl_streams' in --packages-skip
[0.187s] WARNING:colcon.colcon_core.package_selection:ignoring unknown package 'ecl_threads' in --packages-skip
[0.187s] WARNING:colcon.colcon_core.package_selection:ignoring unknown package 'ecl_time' in --packages-skip
[0.187s] WARNING:colcon.colcon_core.package_selection:ignoring unknown package 'ecl_console' in --packages-skip
[0.187s] WARNING:colcon.colcon_core.package_selection:ignoring unknown package 'ecl_converters_lite' in --packages-skip
[0.187s] WARNING:colcon.colcon_core.package_selection:ignoring unknown package 'ecl_io' in --packages-skip
[0.187s] WARNING:colcon.colcon_core.package_selection:ignoring unknown package 'ecl_lite' in --packages-skip
[0.187s] WARNING:colcon.colcon_core.package_selection:ignoring unknown package 'ecl_sigslots_lite' in --packages-skip
[0.187s] WARNING:colcon.colcon_core.package_selection:ignoring unknown package 'ecl_time_lite' in --packages-skip
[0.208s] Level 5:colcon.colcon_core.verb:set package 'vehicle_sim' build argument 'cmake_args' from command line to 'None'
[0.208s] Level 5:colcon.colcon_core.verb:set package 'vehicle_sim' build argument 'cmake_target' from command line to 'None'
[0.208s] Level 5:colcon.colcon_core.verb:set package 'vehicle_sim' build argument 'cmake_target_skip_unavailable' from command line to 'False'
[0.208s] Level 5:colcon.colcon_core.verb:set package 'vehicle_sim' build argument 'cmake_clean_cache' from command line to 'False'
[0.208s] Level 5:colcon.colcon_core.verb:set package 'vehicle_sim' build argument 'cmake_clean_first' from command line to 'False'
[0.208s] Level 5:colcon.colcon_core.verb:set package 'vehicle_sim' build argument 'cmake_force_configure' from command line to 'False'
[0.208s] Level 5:colcon.colcon_core.verb:set package 'vehicle_sim' build argument 'ament_cmake_args' from command line to 'None'
[0.208s] Level 5:colcon.colcon_core.verb:set package 'vehicle_sim' build argument 'catkin_cmake_args' from command line to 'None'
[0.208s] Level 5:colcon.colcon_core.verb:set package 'vehicle_sim' build argument 'catkin_skip_building_tests' from command line to 'False'
[0.208s] DEBUG:colcon.colcon_core.verb:Building package 'vehicle_sim' with the following arguments: {'ament_cmake_args': None, 'build_base': '/home/khalidowlwalid/vehicle_ws/build/vehicle_sim', 'catkin_cmake_args': None, 'catkin_skip_building_tests': False, 'cmake_args': None, 'cmake_clean_cache': False, 'cmake_clean_first': False, 'cmake_force_configure': False, 'cmake_target': None, 'cmake_target_skip_unavailable': False, 'install_base': '/home/khalidowlwalid/vehicle_ws/install/vehicle_sim', 'merge_install': False, 'path': '/home/khalidowlwalid/vehicle_ws/src/vehicle_sim', 'symlink_install': False, 'test_result_base': None}
[0.209s] Level 5:colcon.colcon_core.verb:set package 'vehicle_spawner_pkg' build argument 'cmake_args' from command line to 'None'
[0.209s] Level 5:colcon.colcon_core.verb:set package 'vehicle_spawner_pkg' build argument 'cmake_target' from command line to 'None'
[0.209s] Level 5:colcon.colcon_core.verb:set package 'vehicle_spawner_pkg' build argument 'cmake_target_skip_unavailable' from command line to 'False'
[0.209s] Level 5:colcon.colcon_core.verb:set package 'vehicle_spawner_pkg' build argument 'cmake_clean_cache' from command line to 'False'
[0.209s] Level 5:colcon.colcon_core.verb:set package 'vehicle_spawner_pkg' build argument 'cmake_clean_first' from command line to 'False'
[0.209s] Level 5:colcon.colcon_core.verb:set package 'vehicle_spawner_pkg' build argument 'cmake_force_configure' from command line to 'False'
[0.209s] Level 5:colcon.colcon_core.verb:set package 'vehicle_spawner_pkg' build argument 'ament_cmake_args' from command line to 'None'
[0.209s] Level 5:colcon.colcon_core.verb:set package 'vehicle_spawner_pkg' build argument 'catkin_cmake_args' from command line to 'None'
[0.209s] Level 5:colcon.colcon_core.verb:set package 'vehicle_spawner_pkg' build argument 'catkin_skip_building_tests' from command line to 'False'
[0.209s] DEBUG:colcon.colcon_core.verb:Building package 'vehicle_spawner_pkg' with the following arguments: {'ament_cmake_args': None, 'build_base': '/home/khalidowlwalid/vehicle_ws/build/vehicle_spawner_pkg', 'catkin_cmake_args': None, 'catkin_skip_building_tests': False, 'cmake_args': None, 'cmake_clean_cache': False, 'cmake_clean_first': False, 'cmake_force_configure': False, 'cmake_target': None, 'cmake_target_skip_unavailable': False, 'install_base': '/home/khalidowlwalid/vehicle_ws/install/vehicle_spawner_pkg', 'merge_install': False, 'path': '/home/khalidowlwalid/vehicle_ws/src/vehicle_spawner_pkg', 'symlink_install': False, 'test_result_base': None}
[0.210s] WARNING:colcon.colcon_ros.prefix_path.ament:The path '/home/khalidowlwalid/vehicle_ws/install/vehicle_spawner_pkg' in the environment variable AMENT_PREFIX_PATH doesn't exist
[0.210s] WARNING:colcon.colcon_ros.prefix_path.ament:The path '/home/khalidowlwalid/vehicle_ws/install/vehicle_sim' in the environment variable AMENT_PREFIX_PATH doesn't exist
[0.212s] WARNING:colcon.colcon_ros.prefix_path.catkin:The path '/home/khalidowlwalid/vehicle_ws/install/vehicle_sim' in the environment variable CMAKE_PREFIX_PATH doesn't exist
[0.218s] INFO:colcon.colcon_core.executor:Executing jobs using 'parallel' executor
[0.220s] DEBUG:colcon.colcon_parallel_executor.executor.parallel:run_until_complete
[0.221s] INFO:colcon.colcon_ros.task.ament_cmake.build:Building ROS package in '/home/khalidowlwalid/vehicle_ws/src/vehicle_sim' with build type 'ament_cmake'
[0.221s] INFO:colcon.colcon_cmake.task.cmake.build:Building CMake package in '/home/khalidowlwalid/vehicle_ws/src/vehicle_sim'
[0.225s] INFO:colcon.colcon_core.plugin_system:Skipping extension 'colcon_core.shell.bat': Not used on non-Windows systems
[0.225s] INFO:colcon.colcon_core.shell:Skip shell extension 'powershell' for command environment: Not usable outside of PowerShell
[0.225s] DEBUG:colcon.colcon_core.shell:Skip shell extension 'dsv' for command environment
[0.235s] INFO:colcon.colcon_ros.task.ament_python.build:Building ROS package in '/home/khalidowlwalid/vehicle_ws/src/vehicle_spawner_pkg' with build type 'ament_python'
[0.235s] Level 1:colcon.colcon_core.shell:create_environment_hook('vehicle_spawner_pkg', 'ament_prefix_path')
[0.236s] INFO:colcon.colcon_core.shell:Creating environment hook '/home/khalidowlwalid/vehicle_ws/install/vehicle_spawner_pkg/share/vehicle_spawner_pkg/hook/ament_prefix_path.ps1'
[0.237s] INFO:colcon.colcon_core.shell:Creating environment descriptor '/home/khalidowlwalid/vehicle_ws/install/vehicle_spawner_pkg/share/vehicle_spawner_pkg/hook/ament_prefix_path.dsv'
[0.237s] INFO:colcon.colcon_core.shell:Creating environment hook '/home/khalidowlwalid/vehicle_ws/install/vehicle_spawner_pkg/share/vehicle_spawner_pkg/hook/ament_prefix_path.sh'
[0.238s] INFO:colcon.colcon_core.shell:Skip shell extension 'powershell' for command environment: Not usable outside of PowerShell
[0.238s] DEBUG:colcon.colcon_core.shell:Skip shell extension 'dsv' for command environment
[0.252s] DEBUG:colcon.colcon_core.event_handler.log_command:Invoking command in '/home/khalidowlwalid/vehicle_ws/build/vehicle_sim': CMAKE_PREFIX_PATH=${CMAKE_PREFIX_PATH}:/home/khalidowlwalid/vehicle_ws/install/vehicle_spawner_pkg:/home/khalidowlwalid/eufs-master/install/telemetry_server:/home/khalidowlwalid/eufs-master/install/status_monitor:/home/khalidowlwalid/eufs-master/install/state_machine:/home/khalidowlwalid/eufs-master/install/simulation_tests:/home/khalidowlwalid/eufs-master/install/rtk_mapper:/home/khalidowlwalid/eufs-master/install/perception_tests:/home/khalidowlwalid/eufs-master/install/parameter_changer:/home/khalidowlwalid/eufs-master/install/local_planner:/home/khalidowlwalid/eufs-master/install/finish_line_detector:/home/khalidowlwalid/eufs-master/install/evaluator_scripts:/home/khalidowlwalid/eufs-master/install/eufs_urdf:/home/khalidowlwalid/eufs-master/install/eufs_launcher:/home/khalidowlwalid/eufs-master/install/eufs_tracks:/home/khalidowlwalid/eufs-master/install/eufs_rqt:/home/khalidowlwalid/eufs-master/install/eufs_racecar:/home/khalidowlwalid/eufs-master/install/control_eval:/home/khalidowlwalid/eufs-master/install/eufs_data:/home/khalidowlwalid/eufs-master/install/chaos_monkey:/home/khalidowlwalid/dev_ws/install/rtk_mapper:/opt/ros/galactic /usr/bin/cmake /home/khalidowlwalid/vehicle_ws/src/vehicle_sim -DCMAKE_INSTALL_PREFIX=/home/khalidowlwalid/vehicle_ws/install/vehicle_sim
[0.523s] INFO:colcon.colcon_core.task.python.build:Building Python package in '/home/khalidowlwalid/vehicle_ws/src/vehicle_spawner_pkg'
[0.524s] INFO:colcon.colcon_core.shell:Skip shell extension 'powershell' for command environment: Not usable outside of PowerShell
[0.524s] DEBUG:colcon.colcon_core.shell:Skip shell extension 'dsv' for command environment
[0.977s] DEBUG:colcon.colcon_core.event_handler.log_command:Invoking command in '/home/khalidowlwalid/vehicle_ws/src/vehicle_spawner_pkg': PYTHONPATH=/home/khalidowlwalid/vehicle_ws/install/vehicle_spawner_pkg/lib/python3.8/site-packages:${PYTHONPATH} /usr/bin/python3 setup.py egg_info --egg-base ../../build/vehicle_spawner_pkg build --build-base /home/khalidowlwalid/vehicle_ws/build/vehicle_spawner_pkg/build install --prefix /home/khalidowlwalid/vehicle_ws/install/vehicle_spawner_pkg --record /home/khalidowlwalid/vehicle_ws/build/vehicle_spawner_pkg/install.log --single-version-externally-managed
[1.318s] DEBUG:colcon.colcon_core.event_handler.log_command:Invoked command in '/home/khalidowlwalid/vehicle_ws/src/vehicle_spawner_pkg' returned '0': PYTHONPATH=/home/khalidowlwalid/vehicle_ws/install/vehicle_spawner_pkg/lib/python3.8/site-packages:${PYTHONPATH} /usr/bin/python3 setup.py egg_info --egg-base ../../build/vehicle_spawner_pkg build --build-base /home/khalidowlwalid/vehicle_ws/build/vehicle_spawner_pkg/build install --prefix /home/khalidowlwalid/vehicle_ws/install/vehicle_spawner_pkg --record /home/khalidowlwalid/vehicle_ws/build/vehicle_spawner_pkg/install.log --single-version-externally-managed
[1.323s] Level 1:colcon.colcon_core.environment:checking '/home/khalidowlwalid/vehicle_ws/install/vehicle_spawner_pkg' for CMake module files
[1.323s] Level 1:colcon.colcon_core.environment:checking '/home/khalidowlwalid/vehicle_ws/install/vehicle_spawner_pkg' for CMake config files
[1.324s] Level 1:colcon.colcon_core.environment:checking '/home/khalidowlwalid/vehicle_ws/install/vehicle_spawner_pkg/lib'
[1.324s] Level 1:colcon.colcon_core.environment:checking '/home/khalidowlwalid/vehicle_ws/install/vehicle_spawner_pkg/bin'
[1.324s] Level 1:colcon.colcon_core.environment:checking '/home/khalidowlwalid/vehicle_ws/install/vehicle_spawner_pkg/lib/pkgconfig/vehicle_spawner_pkg.pc'
[1.324s] Level 1:colcon.colcon_core.environment:checking '/home/khalidowlwalid/vehicle_ws/install/vehicle_spawner_pkg/lib/python3.8/site-packages'
[1.324s] Level 1:colcon.colcon_core.shell:create_environment_hook('vehicle_spawner_pkg', 'pythonpath')
[1.325s] INFO:colcon.colcon_core.shell:Creating environment hook '/home/khalidowlwalid/vehicle_ws/install/vehicle_spawner_pkg/share/vehicle_spawner_pkg/hook/pythonpath.ps1'
[1.326s] INFO:colcon.colcon_core.shell:Creating environment descriptor '/home/khalidowlwalid/vehicle_ws/install/vehicle_spawner_pkg/share/vehicle_spawner_pkg/hook/pythonpath.dsv'
[1.326s] INFO:colcon.colcon_core.shell:Creating environment hook '/home/khalidowlwalid/vehicle_ws/install/vehicle_spawner_pkg/share/vehicle_spawner_pkg/hook/pythonpath.sh'
[1.326s] Level 1:colcon.colcon_core.environment:create_environment_scripts_only(vehicle_spawner_pkg)
[1.327s] INFO:colcon.colcon_core.shell:Creating package script '/home/khalidowlwalid/vehicle_ws/install/vehicle_spawner_pkg/share/vehicle_spawner_pkg/package.ps1'
[1.328s] INFO:colcon.colcon_core.shell:Creating package descriptor '/home/khalidowlwalid/vehicle_ws/install/vehicle_spawner_pkg/share/vehicle_spawner_pkg/package.dsv'
[1.329s] INFO:colcon.colcon_core.shell:Creating package script '/home/khalidowlwalid/vehicle_ws/install/vehicle_spawner_pkg/share/vehicle_spawner_pkg/package.sh'
[1.329s] INFO:colcon.colcon_core.shell:Creating package script '/home/khalidowlwalid/vehicle_ws/install/vehicle_spawner_pkg/share/vehicle_spawner_pkg/package.bash'
[1.330s] INFO:colcon.colcon_core.shell:Creating package script '/home/khalidowlwalid/vehicle_ws/install/vehicle_spawner_pkg/share/vehicle_spawner_pkg/package.zsh'
[1.330s] Level 1:colcon.colcon_core.environment:create_file_with_runtime_dependencies(/home/khalidowlwalid/vehicle_ws/install/vehicle_spawner_pkg/share/colcon-core/packages/vehicle_spawner_pkg)
[1.340s] DEBUG:colcon.colcon_core.event_handler.log_command:Invoked command in '/home/khalidowlwalid/vehicle_ws/build/vehicle_sim' returned '0': CMAKE_PREFIX_PATH=${CMAKE_PREFIX_PATH}:/home/khalidowlwalid/vehicle_ws/install/vehicle_spawner_pkg:/home/khalidowlwalid/eufs-master/install/telemetry_server:/home/khalidowlwalid/eufs-master/install/status_monitor:/home/khalidowlwalid/eufs-master/install/state_machine:/home/khalidowlwalid/eufs-master/install/simulation_tests:/home/khalidowlwalid/eufs-master/install/rtk_mapper:/home/khalidowlwalid/eufs-master/install/perception_tests:/home/khalidowlwalid/eufs-master/install/parameter_changer:/home/khalidowlwalid/eufs-master/install/local_planner:/home/khalidowlwalid/eufs-master/install/finish_line_detector:/home/khalidowlwalid/eufs-master/install/evaluator_scripts:/home/khalidowlwalid/eufs-master/install/eufs_urdf:/home/khalidowlwalid/eufs-master/install/eufs_launcher:/home/khalidowlwalid/eufs-master/install/eufs_tracks:/home/khalidowlwalid/eufs-master/install/eufs_rqt:/home/khalidowlwalid/eufs-master/install/eufs_racecar:/home/khalidowlwalid/eufs-master/install/control_eval:/home/khalidowlwalid/eufs-master/install/eufs_data:/home/khalidowlwalid/eufs-master/install/chaos_monkey:/home/khalidowlwalid/dev_ws/install/rtk_mapper:/opt/ros/galactic /usr/bin/cmake /home/khalidowlwalid/vehicle_ws/src/vehicle_sim -DCMAKE_INSTALL_PREFIX=/home/khalidowlwalid/vehicle_ws/install/vehicle_sim
[1.343s] DEBUG:colcon.colcon_core.event_handler.log_command:Invoking command in '/home/khalidowlwalid/vehicle_ws/build/vehicle_sim': CMAKE_PREFIX_PATH=${CMAKE_PREFIX_PATH}:/home/khalidowlwalid/vehicle_ws/install/vehicle_spawner_pkg:/home/khalidowlwalid/eufs-master/install/telemetry_server:/home/khalidowlwalid/eufs-master/install/status_monitor:/home/khalidowlwalid/eufs-master/install/state_machine:/home/khalidowlwalid/eufs-master/install/simulation_tests:/home/khalidowlwalid/eufs-master/install/rtk_mapper:/home/khalidowlwalid/eufs-master/install/perception_tests:/home/khalidowlwalid/eufs-master/install/parameter_changer:/home/khalidowlwalid/eufs-master/install/local_planner:/home/khalidowlwalid/eufs-master/install/finish_line_detector:/home/khalidowlwalid/eufs-master/install/evaluator_scripts:/home/khalidowlwalid/eufs-master/install/eufs_urdf:/home/khalidowlwalid/eufs-master/install/eufs_launcher:/home/khalidowlwalid/eufs-master/install/eufs_tracks:/home/khalidowlwalid/eufs-master/install/eufs_rqt:/home/khalidowlwalid/eufs-master/install/eufs_racecar:/home/khalidowlwalid/eufs-master/install/control_eval:/home/khalidowlwalid/eufs-master/install/eufs_data:/home/khalidowlwalid/eufs-master/install/chaos_monkey:/home/khalidowlwalid/dev_ws/install/rtk_mapper:/opt/ros/galactic /usr/bin/cmake --build /home/khalidowlwalid/vehicle_ws/build/vehicle_sim -- -j12 -l12
[1.394s] DEBUG:colcon.colcon_core.event_handler.log_command:Invoked command in '/home/khalidowlwalid/vehicle_ws/build/vehicle_sim' returned '0': CMAKE_PREFIX_PATH=${CMAKE_PREFIX_PATH}:/home/khalidowlwalid/vehicle_ws/install/vehicle_spawner_pkg:/home/khalidowlwalid/eufs-master/install/telemetry_server:/home/khalidowlwalid/eufs-master/install/status_monitor:/home/khalidowlwalid/eufs-master/install/state_machine:/home/khalidowlwalid/eufs-master/install/simulation_tests:/home/khalidowlwalid/eufs-master/install/rtk_mapper:/home/khalidowlwalid/eufs-master/install/perception_tests:/home/khalidowlwalid/eufs-master/install/parameter_changer:/home/khalidowlwalid/eufs-master/install/local_planner:/home/khalidowlwalid/eufs-master/install/finish_line_detector:/home/khalidowlwalid/eufs-master/install/evaluator_scripts:/home/khalidowlwalid/eufs-master/install/eufs_urdf:/home/khalidowlwalid/eufs-master/install/eufs_launcher:/home/khalidowlwalid/eufs-master/install/eufs_tracks:/home/khalidowlwalid/eufs-master/install/eufs_rqt:/home/khalidowlwalid/eufs-master/install/eufs_racecar:/home/khalidowlwalid/eufs-master/install/control_eval:/home/khalidowlwalid/eufs-master/install/eufs_data:/home/khalidowlwalid/eufs-master/install/chaos_monkey:/home/khalidowlwalid/dev_ws/install/rtk_mapper:/opt/ros/galactic /usr/bin/cmake --build /home/khalidowlwalid/vehicle_ws/build/vehicle_sim -- -j12 -l12
[1.445s] DEBUG:colcon.colcon_core.event_handler.log_command:Invoking command in '/home/khalidowlwalid/vehicle_ws/build/vehicle_sim': CMAKE_PREFIX_PATH=${CMAKE_PREFIX_PATH}:/home/khalidowlwalid/vehicle_ws/install/vehicle_spawner_pkg:/home/khalidowlwalid/eufs-master/install/telemetry_server:/home/khalidowlwalid/eufs-master/install/status_monitor:/home/khalidowlwalid/eufs-master/install/state_machine:/home/khalidowlwalid/eufs-master/install/simulation_tests:/home/khalidowlwalid/eufs-master/install/rtk_mapper:/home/khalidowlwalid/eufs-master/install/perception_tests:/home/khalidowlwalid/eufs-master/install/parameter_changer:/home/khalidowlwalid/eufs-master/install/local_planner:/home/khalidowlwalid/eufs-master/install/finish_line_detector:/home/khalidowlwalid/eufs-master/install/evaluator_scripts:/home/khalidowlwalid/eufs-master/install/eufs_urdf:/home/khalidowlwalid/eufs-master/install/eufs_launcher:/home/khalidowlwalid/eufs-master/install/eufs_tracks:/home/khalidowlwalid/eufs-master/install/eufs_rqt:/home/khalidowlwalid/eufs-master/install/eufs_racecar:/home/khalidowlwalid/eufs-master/install/control_eval:/home/khalidowlwalid/eufs-master/install/eufs_data:/home/khalidowlwalid/eufs-master/install/chaos_monkey:/home/khalidowlwalid/dev_ws/install/rtk_mapper:/opt/ros/galactic /usr/bin/cmake --install /home/khalidowlwalid/vehicle_ws/build/vehicle_sim
[1.459s] Level 1:colcon.colcon_core.environment:create_environment_scripts_only(vehicle_sim)
[1.461s] Level 1:colcon.colcon_core.environment:checking '/home/khalidowlwalid/vehicle_ws/install/vehicle_sim' for CMake module files
[1.461s] DEBUG:colcon.colcon_core.event_handler.log_command:Invoked command in '/home/khalidowlwalid/vehicle_ws/build/vehicle_sim' returned '0': CMAKE_PREFIX_PATH=${CMAKE_PREFIX_PATH}:/home/khalidowlwalid/vehicle_ws/install/vehicle_spawner_pkg:/home/khalidowlwalid/eufs-master/install/telemetry_server:/home/khalidowlwalid/eufs-master/install/status_monitor:/home/khalidowlwalid/eufs-master/install/state_machine:/home/khalidowlwalid/eufs-master/install/simulation_tests:/home/khalidowlwalid/eufs-master/install/rtk_mapper:/home/khalidowlwalid/eufs-master/install/perception_tests:/home/khalidowlwalid/eufs-master/install/parameter_changer:/home/khalidowlwalid/eufs-master/install/local_planner:/home/khalidowlwalid/eufs-master/install/finish_line_detector:/home/khalidowlwalid/eufs-master/install/evaluator_scripts:/home/khalidowlwalid/eufs-master/install/eufs_urdf:/home/khalidowlwalid/eufs-master/install/eufs_launcher:/home/khalidowlwalid/eufs-master/install/eufs_tracks:/home/khalidowlwalid/eufs-master/install/eufs_rqt:/home/khalidowlwalid/eufs-master/install/eufs_racecar:/home/khalidowlwalid/eufs-master/install/control_eval:/home/khalidowlwalid/eufs-master/install/eufs_data:/home/khalidowlwalid/eufs-master/install/chaos_monkey:/home/khalidowlwalid/dev_ws/install/rtk_mapper:/opt/ros/galactic /usr/bin/cmake --install /home/khalidowlwalid/vehicle_ws/build/vehicle_sim
[1.462s] Level 1:colcon.colcon_core.environment:checking '/home/khalidowlwalid/vehicle_ws/install/vehicle_sim' for CMake config files
[1.462s] Level 1:colcon.colcon_core.shell:create_environment_hook('vehicle_sim', 'cmake_prefix_path')
[1.462s] INFO:colcon.colcon_core.shell:Creating environment hook '/home/khalidowlwalid/vehicle_ws/install/vehicle_sim/share/vehicle_sim/hook/cmake_prefix_path.ps1'
[1.463s] INFO:colcon.colcon_core.shell:Creating environment descriptor '/home/khalidowlwalid/vehicle_ws/install/vehicle_sim/share/vehicle_sim/hook/cmake_prefix_path.dsv'
[1.463s] INFO:colcon.colcon_core.shell:Creating environment hook '/home/khalidowlwalid/vehicle_ws/install/vehicle_sim/share/vehicle_sim/hook/cmake_prefix_path.sh'
[1.464s] Level 1:colcon.colcon_core.environment:checking '/home/khalidowlwalid/vehicle_ws/install/vehicle_sim/bin'
[1.464s] Level 1:colcon.colcon_core.environment:checking '/home/khalidowlwalid/vehicle_ws/install/vehicle_sim/lib/pkgconfig/vehicle_sim.pc'
[1.464s] Level 1:colcon.colcon_core.environment:checking '/home/khalidowlwalid/vehicle_ws/install/vehicle_sim/lib/python3.8/site-packages'
[1.465s] INFO:colcon.colcon_core.shell:Creating package script '/home/khalidowlwalid/vehicle_ws/install/vehicle_sim/share/vehicle_sim/package.ps1'
[1.465s] INFO:colcon.colcon_core.shell:Creating package descriptor '/home/khalidowlwalid/vehicle_ws/install/vehicle_sim/share/vehicle_sim/package.dsv'
[1.465s] INFO:colcon.colcon_core.shell:Creating package script '/home/khalidowlwalid/vehicle_ws/install/vehicle_sim/share/vehicle_sim/package.sh'
[1.466s] INFO:colcon.colcon_core.shell:Creating package script '/home/khalidowlwalid/vehicle_ws/install/vehicle_sim/share/vehicle_sim/package.bash'
[1.466s] INFO:colcon.colcon_core.shell:Creating package script '/home/khalidowlwalid/vehicle_ws/install/vehicle_sim/share/vehicle_sim/package.zsh'
[1.466s] Level 1:colcon.colcon_core.environment:create_file_with_runtime_dependencies(/home/khalidowlwalid/vehicle_ws/install/vehicle_sim/share/colcon-core/packages/vehicle_sim)
[1.500s] Level 1:colcon.colcon_core.environment:create_environment_scripts_only(vehicle_sim)
[1.501s] Level 1:colcon.colcon_core.environment:checking '/home/khalidowlwalid/vehicle_ws/install/vehicle_sim' for CMake module files
[1.501s] Level 1:colcon.colcon_core.environment:checking '/home/khalidowlwalid/vehicle_ws/install/vehicle_sim' for CMake config files
[1.502s] Level 1:colcon.colcon_core.shell:create_environment_hook('vehicle_sim', 'cmake_prefix_path')
[1.502s] INFO:colcon.colcon_core.shell:Creating environment hook '/home/khalidowlwalid/vehicle_ws/install/vehicle_sim/share/vehicle_sim/hook/cmake_prefix_path.ps1'
[1.503s] INFO:colcon.colcon_core.shell:Creating environment descriptor '/home/khalidowlwalid/vehicle_ws/install/vehicle_sim/share/vehicle_sim/hook/cmake_prefix_path.dsv'
[1.503s] INFO:colcon.colcon_core.shell:Creating environment hook '/home/khalidowlwalid/vehicle_ws/install/vehicle_sim/share/vehicle_sim/hook/cmake_prefix_path.sh'
[1.504s] Level 1:colcon.colcon_core.environment:checking '/home/khalidowlwalid/vehicle_ws/install/vehicle_sim/bin'
[1.504s] Level 1:colcon.colcon_core.environment:checking '/home/khalidowlwalid/vehicle_ws/install/vehicle_sim/lib/pkgconfig/vehicle_sim.pc'
[1.504s] Level 1:colcon.colcon_core.environment:checking '/home/khalidowlwalid/vehicle_ws/install/vehicle_sim/lib/python3.8/site-packages'
[1.504s] INFO:colcon.colcon_core.shell:Creating package script '/home/khalidowlwalid/vehicle_ws/install/vehicle_sim/share/vehicle_sim/package.ps1'
[1.505s] INFO:colcon.colcon_core.shell:Creating package descriptor '/home/khalidowlwalid/vehicle_ws/install/vehicle_sim/share/vehicle_sim/package.dsv'
[1.505s] INFO:colcon.colcon_core.shell:Creating package script '/home/khalidowlwalid/vehicle_ws/install/vehicle_sim/share/vehicle_sim/package.sh'
[1.506s] INFO:colcon.colcon_core.shell:Creating package script '/home/khalidowlwalid/vehicle_ws/install/vehicle_sim/share/vehicle_sim/package.bash'
[1.506s] INFO:colcon.colcon_core.shell:Creating package script '/home/khalidowlwalid/vehicle_ws/install/vehicle_sim/share/vehicle_sim/package.zsh'
[1.507s] Level 1:colcon.colcon_core.environment:create_file_with_runtime_dependencies(/home/khalidowlwalid/vehicle_ws/install/vehicle_sim/share/colcon-core/packages/vehicle_sim)
[1.507s] DEBUG:colcon.colcon_parallel_executor.executor.parallel:closing loop
[1.507s] DEBUG:colcon.colcon_parallel_executor.executor.parallel:loop closed
[1.507s] DEBUG:colcon.colcon_parallel_executor.executor.parallel:run_until_complete finished with '0'
[1.507s] DEBUG:colcon.colcon_core.event_reactor:joining thread
[1.516s] INFO:colcon.colcon_core.plugin_system:Skipping extension 'colcon_notification.desktop_notification.terminal_notifier': Not used on non-Darwin systems
[1.516s] INFO:colcon.colcon_core.plugin_system:Skipping extension 'colcon_notification.desktop_notification.win32': Not used on non-Windows systems
[1.516s] INFO:colcon.colcon_notification.desktop_notification:Sending desktop notification using 'notify2'
[1.533s] DEBUG:colcon.colcon_core.event_reactor:joined thread
[1.534s] INFO:colcon.colcon_core.shell:Creating prefix script '/home/khalidowlwalid/vehicle_ws/install/local_setup.ps1'
[1.535s] INFO:colcon.colcon_core.shell:Creating prefix util module '/home/khalidowlwalid/vehicle_ws/install/_local_setup_util_ps1.py'
[1.536s] INFO:colcon.colcon_core.shell:Creating prefix chain script '/home/khalidowlwalid/vehicle_ws/install/setup.ps1'
[1.539s] INFO:colcon.colcon_core.shell:Creating prefix script '/home/khalidowlwalid/vehicle_ws/install/local_setup.sh'
[1.540s] INFO:colcon.colcon_core.shell:Creating prefix util module '/home/khalidowlwalid/vehicle_ws/install/_local_setup_util_sh.py'
[1.540s] INFO:colcon.colcon_core.shell:Creating prefix chain script '/home/khalidowlwalid/vehicle_ws/install/setup.sh'
[1.543s] INFO:colcon.colcon_core.shell:Creating prefix script '/home/khalidowlwalid/vehicle_ws/install/local_setup.bash'
[1.556s] INFO:colcon.colcon_core.shell:Creating prefix chain script '/home/khalidowlwalid/vehicle_ws/install/setup.bash'
[1.559s] INFO:colcon.colcon_core.shell:Creating prefix script '/home/khalidowlwalid/vehicle_ws/install/local_setup.zsh'
[1.559s] INFO:colcon.colcon_core.shell:Creating prefix chain script '/home/khalidowlwalid/vehicle_ws/install/setup.zsh'
