-- Install configuration: ""
-- Up-to-date: /home/khalidowlwalid/vehicle_ws/install/vehicle_sim/share/vehicle_sim/launch
-- Up-to-date: /home/khalidowlwalid/vehicle_ws/install/vehicle_sim/share/vehicle_sim/launch/__pycache__
-- Installing: /home/khalidowlwalid/vehicle_ws/install/vehicle_sim/share/vehicle_sim/launch/__pycache__/rviz.launch.cpython-38.pyc
-- Installing: /home/khalidowlwalid/vehicle_ws/install/vehicle_sim/share/vehicle_sim/launch/rviz.launch.py
-- Up-to-date: /home/khalidowlwalid/vehicle_ws/install/vehicle_sim/share/vehicle_sim/worlds
-- Up-to-date: /home/khalidowlwalid/vehicle_ws/install/vehicle_sim/share/vehicle_sim/worlds/empty.world
-- Up-to-date: /home/khalidowlwalid/vehicle_ws/install/vehicle_sim/share/ament_index/resource_index/package_run_dependencies/vehicle_sim
-- Up-to-date: /home/khalidowlwalid/vehicle_ws/install/vehicle_sim/share/ament_index/resource_index/parent_prefix_path/vehicle_sim
-- Up-to-date: /home/khalidowlwalid/vehicle_ws/install/vehicle_sim/share/vehicle_sim/environment/ament_prefix_path.sh
-- Up-to-date: /home/khalidowlwalid/vehicle_ws/install/vehicle_sim/share/vehicle_sim/environment/ament_prefix_path.dsv
-- Up-to-date: /home/khalidowlwalid/vehicle_ws/install/vehicle_sim/share/vehicle_sim/environment/path.sh
-- Up-to-date: /home/khalidowlwalid/vehicle_ws/install/vehicle_sim/share/vehicle_sim/environment/path.dsv
-- Up-to-date: /home/khalidowlwalid/vehicle_ws/install/vehicle_sim/share/vehicle_sim/local_setup.bash
-- Up-to-date: /home/khalidowlwalid/vehicle_ws/install/vehicle_sim/share/vehicle_sim/local_setup.sh
-- Up-to-date: /home/khalidowlwalid/vehicle_ws/install/vehicle_sim/share/vehicle_sim/local_setup.zsh
-- Up-to-date: /home/khalidowlwalid/vehicle_ws/install/vehicle_sim/share/vehicle_sim/local_setup.dsv
-- Installing: /home/khalidowlwalid/vehicle_ws/install/vehicle_sim/share/vehicle_sim/package.dsv
-- Up-to-date: /home/khalidowlwalid/vehicle_ws/install/vehicle_sim/share/ament_index/resource_index/packages/vehicle_sim
-- Up-to-date: /home/khalidowlwalid/vehicle_ws/install/vehicle_sim/share/vehicle_sim/cmake/vehicle_simConfig.cmake
-- Up-to-date: /home/khalidowlwalid/vehicle_ws/install/vehicle_sim/share/vehicle_sim/cmake/vehicle_simConfig-version.cmake
-- Up-to-date: /home/khalidowlwalid/vehicle_ws/install/vehicle_sim/share/vehicle_sim/package.xml
