[0.767s] Invoking command in '/home/khalidowlwalid/vehicle_ws/src/vehicle_spawner_pkg': PYTHONPATH=/home/khalidowlwalid/vehicle_ws/install/vehicle_spawner_pkg/lib/python3.8/site-packages:${PYTHONPATH} /usr/bin/python3 setup.py egg_info --egg-base ../../build/vehicle_spawner_pkg build --build-base /home/khalidowlwalid/vehicle_ws/build/vehicle_spawner_pkg/build install --prefix /home/khalidowlwalid/vehicle_ws/install/vehicle_spawner_pkg --record /home/khalidowlwalid/vehicle_ws/build/vehicle_spawner_pkg/install.log --single-version-externally-managed
[1.019s] running egg_info
[1.020s] creating ../../build/vehicle_spawner_pkg/vehicle_spawner_pkg.egg-info
[1.020s] writing ../../build/vehicle_spawner_pkg/vehicle_spawner_pkg.egg-info/PKG-INFO
[1.020s] writing dependency_links to ../../build/vehicle_spawner_pkg/vehicle_spawner_pkg.egg-info/dependency_links.txt
[1.020s] writing entry points to ../../build/vehicle_spawner_pkg/vehicle_spawner_pkg.egg-info/entry_points.txt
[1.020s] writing requirements to ../../build/vehicle_spawner_pkg/vehicle_spawner_pkg.egg-info/requires.txt
[1.020s] writing top-level names to ../../build/vehicle_spawner_pkg/vehicle_spawner_pkg.egg-info/top_level.txt
[1.021s] writing manifest file '../../build/vehicle_spawner_pkg/vehicle_spawner_pkg.egg-info/SOURCES.txt'
[1.056s] reading manifest file '../../build/vehicle_spawner_pkg/vehicle_spawner_pkg.egg-info/SOURCES.txt'
[1.057s] writing manifest file '../../build/vehicle_spawner_pkg/vehicle_spawner_pkg.egg-info/SOURCES.txt'
[1.057s] running build
[1.057s] running build_py
[1.057s] creating /home/khalidowlwalid/vehicle_ws/build/vehicle_spawner_pkg/build
[1.058s] creating /home/khalidowlwalid/vehicle_ws/build/vehicle_spawner_pkg/build/lib
[1.058s] creating /home/khalidowlwalid/vehicle_ws/build/vehicle_spawner_pkg/build/lib/vehicle_spawner_pkg
[1.058s] copying vehicle_spawner_pkg/__init__.py -> /home/khalidowlwalid/vehicle_ws/build/vehicle_spawner_pkg/build/lib/vehicle_spawner_pkg
[1.058s] copying vehicle_spawner_pkg/spawn_vehicle.py -> /home/khalidowlwalid/vehicle_ws/build/vehicle_spawner_pkg/build/lib/vehicle_spawner_pkg
[1.058s] running install
[1.059s] running install_lib
[1.059s] creating /home/khalidowlwalid/vehicle_ws/install/vehicle_spawner_pkg/lib/python3.8/site-packages/vehicle_spawner_pkg
[1.060s] copying /home/khalidowlwalid/vehicle_ws/build/vehicle_spawner_pkg/build/lib/vehicle_spawner_pkg/__init__.py -> /home/khalidowlwalid/vehicle_ws/install/vehicle_spawner_pkg/lib/python3.8/site-packages/vehicle_spawner_pkg
[1.060s] copying /home/khalidowlwalid/vehicle_ws/build/vehicle_spawner_pkg/build/lib/vehicle_spawner_pkg/spawn_vehicle.py -> /home/khalidowlwalid/vehicle_ws/install/vehicle_spawner_pkg/lib/python3.8/site-packages/vehicle_spawner_pkg
[1.060s] byte-compiling /home/khalidowlwalid/vehicle_ws/install/vehicle_spawner_pkg/lib/python3.8/site-packages/vehicle_spawner_pkg/__init__.py to __init__.cpython-38.pyc
[1.061s] byte-compiling /home/khalidowlwalid/vehicle_ws/install/vehicle_spawner_pkg/lib/python3.8/site-packages/vehicle_spawner_pkg/spawn_vehicle.py to spawn_vehicle.cpython-38.pyc
[1.062s] running install_data
[1.062s] creating /home/khalidowlwalid/vehicle_ws/install/vehicle_spawner_pkg/share/ament_index
[1.062s] creating /home/khalidowlwalid/vehicle_ws/install/vehicle_spawner_pkg/share/ament_index/resource_index
[1.063s] creating /home/khalidowlwalid/vehicle_ws/install/vehicle_spawner_pkg/share/ament_index/resource_index/packages
[1.063s] copying resource/vehicle_spawner_pkg -> /home/khalidowlwalid/vehicle_ws/install/vehicle_spawner_pkg/share/ament_index/resource_index/packages
[1.063s] copying package.xml -> /home/khalidowlwalid/vehicle_ws/install/vehicle_spawner_pkg/share/vehicle_spawner_pkg
[1.063s] running install_egg_info
[1.065s] Copying ../../build/vehicle_spawner_pkg/vehicle_spawner_pkg.egg-info to /home/khalidowlwalid/vehicle_ws/install/vehicle_spawner_pkg/lib/python3.8/site-packages/vehicle_spawner_pkg-0.0.0-py3.8.egg-info
[1.065s] running install_scripts
[1.084s] Installing spawn_vehicle script to /home/khalidowlwalid/vehicle_ws/install/vehicle_spawner_pkg/lib/vehicle_spawner_pkg
[1.084s] writing list of installed files to '/home/khalidowlwalid/vehicle_ws/build/vehicle_spawner_pkg/install.log'
[1.108s] Invoked command in '/home/khalidowlwalid/vehicle_ws/src/vehicle_spawner_pkg' returned '0': PYTHONPATH=/home/khalidowlwalid/vehicle_ws/install/vehicle_spawner_pkg/lib/python3.8/site-packages:${PYTHONPATH} /usr/bin/python3 setup.py egg_info --egg-base ../../build/vehicle_spawner_pkg build --build-base /home/khalidowlwalid/vehicle_ws/build/vehicle_spawner_pkg/build install --prefix /home/khalidowlwalid/vehicle_ws/install/vehicle_spawner_pkg --record /home/khalidowlwalid/vehicle_ws/build/vehicle_spawner_pkg/install.log --single-version-externally-managed
