[0.785s] Invoking command in '/home/khalidowlwalid/vehicle_ws/src/vehicle_spawner_pkg': PYTHONPATH=/home/khalidowlwalid/vehicle_ws/install/vehicle_spawner_pkg/lib/python3.8/site-packages:${PYTHONPATH} /usr/bin/python3 setup.py egg_info --egg-base ../../build/vehicle_spawner_pkg build --build-base /home/khalidowlwalid/vehicle_ws/build/vehicle_spawner_pkg/build install --prefix /home/khalidowlwalid/vehicle_ws/install/vehicle_spawner_pkg --record /home/khalidowlwalid/vehicle_ws/build/vehicle_spawner_pkg/install.log --single-version-externally-managed
[1.049s] running egg_info
[1.049s] writing ../../build/vehicle_spawner_pkg/vehicle_spawner_pkg.egg-info/PKG-INFO
[1.050s] writing dependency_links to ../../build/vehicle_spawner_pkg/vehicle_spawner_pkg.egg-info/dependency_links.txt
[1.050s] writing entry points to ../../build/vehicle_spawner_pkg/vehicle_spawner_pkg.egg-info/entry_points.txt
[1.050s] writing requirements to ../../build/vehicle_spawner_pkg/vehicle_spawner_pkg.egg-info/requires.txt
[1.050s] writing top-level names to ../../build/vehicle_spawner_pkg/vehicle_spawner_pkg.egg-info/top_level.txt
[1.087s] reading manifest file '../../build/vehicle_spawner_pkg/vehicle_spawner_pkg.egg-info/SOURCES.txt'
[1.088s] writing manifest file '../../build/vehicle_spawner_pkg/vehicle_spawner_pkg.egg-info/SOURCES.txt'
[1.088s] running build
[1.088s] running build_py
[1.088s] copying vehicle_spawner_pkg/spawn_vehicle.py -> /home/khalidowlwalid/vehicle_ws/build/vehicle_spawner_pkg/build/lib/vehicle_spawner_pkg
[1.088s] running install
[1.089s] running install_lib
[1.090s] copying /home/khalidowlwalid/vehicle_ws/build/vehicle_spawner_pkg/build/lib/vehicle_spawner_pkg/spawn_vehicle.py -> /home/khalidowlwalid/vehicle_ws/install/vehicle_spawner_pkg/lib/python3.8/site-packages/vehicle_spawner_pkg
[1.091s] byte-compiling /home/khalidowlwalid/vehicle_ws/install/vehicle_spawner_pkg/lib/python3.8/site-packages/vehicle_spawner_pkg/spawn_vehicle.py to spawn_vehicle.cpython-38.pyc
[1.092s] running install_data
[1.093s] running install_egg_info
[1.095s] removing '/home/khalidowlwalid/vehicle_ws/install/vehicle_spawner_pkg/lib/python3.8/site-packages/vehicle_spawner_pkg-0.0.0-py3.8.egg-info' (and everything under it)
[1.095s] Copying ../../build/vehicle_spawner_pkg/vehicle_spawner_pkg.egg-info to /home/khalidowlwalid/vehicle_ws/install/vehicle_spawner_pkg/lib/python3.8/site-packages/vehicle_spawner_pkg-0.0.0-py3.8.egg-info
[1.096s] running install_scripts
[1.115s] Installing spawn_vehicle script to /home/khalidowlwalid/vehicle_ws/install/vehicle_spawner_pkg/lib/vehicle_spawner_pkg
[1.115s] writing list of installed files to '/home/khalidowlwalid/vehicle_ws/build/vehicle_spawner_pkg/install.log'
[1.141s] Invoked command in '/home/khalidowlwalid/vehicle_ws/src/vehicle_spawner_pkg' returned '0': PYTHONPATH=/home/khalidowlwalid/vehicle_ws/install/vehicle_spawner_pkg/lib/python3.8/site-packages:${PYTHONPATH} /usr/bin/python3 setup.py egg_info --egg-base ../../build/vehicle_spawner_pkg build --build-base /home/khalidowlwalid/vehicle_ws/build/vehicle_spawner_pkg/build install --prefix /home/khalidowlwalid/vehicle_ws/install/vehicle_spawner_pkg --record /home/khalidowlwalid/vehicle_ws/build/vehicle_spawner_pkg/install.log --single-version-externally-managed
