-- The C compiler identification is GNU 9.4.0
-- The CXX compiler identification is GNU 9.4.0
-- Check for working C compiler: /usr/bin/cc
-- Check for working C compiler: /usr/bin/cc -- works
-- Detecting C compiler ABI info
-- Detecting C compiler ABI info - done
-- Detecting C compile features
-- Detecting C compile features - done
-- Check for working CXX compiler: /usr/bin/c++
-- Check for working CXX compiler: /usr/bin/c++ -- works
-- Detecting CXX compiler ABI info
-- Detecting CXX compiler ABI info - done
-- Detecting CXX compile features
-- Detecting CXX compile features - done
-- Found ament_cmake: 1.1.5 (/opt/ros/galactic/share/ament_cmake/cmake)
-- Found PythonInterp: /home/khalidowlwalid/.pyenv/shims/python3 (found suitable version "3.8.10", minimum required is "3") 
-- Using PYTHON_EXECUTABLE: /home/khalidowlwalid/.pyenv/shims/python3
-- Found ament_lint_auto: 0.10.6 (/opt/ros/galactic/share/ament_lint_auto/cmake)
-- Added test 'copyright' to check source files copyright and LICENSE
-- Added test 'flake8' to check Python code syntax and style conventions
-- Added test 'lint_cmake' to check CMake code style
-- Added test 'pep257' to check Python code against some of the style conventions in PEP 257
-- Added test 'xmllint' to check XML markup files
-- Configuring done
-- Generating done
-- Build files have been written to: /home/khalidowlwalid/vehicle_ws/build/vehicle_sim
-- Install configuration: ""
-- Installing: /home/khalidowlwalid/vehicle_ws/install/vehicle_sim/share/vehicle_sim/launch
-- Installing: /home/khalidowlwalid/vehicle_ws/install/vehicle_sim/share/vehicle_sim/launch/__pycache__
-- Installing: /home/khalidowlwalid/vehicle_ws/install/vehicle_sim/share/vehicle_sim/launch/__pycache__/rviz.launch.cpython-38.pyc
-- Installing: /home/khalidowlwalid/vehicle_ws/install/vehicle_sim/share/vehicle_sim/launch/rviz.launch.py
-- Installing: /home/khalidowlwalid/vehicle_ws/install/vehicle_sim/share/vehicle_sim/worlds
-- Installing: /home/khalidowlwalid/vehicle_ws/install/vehicle_sim/share/vehicle_sim/worlds/empty.world
-- Installing: /home/khalidowlwalid/vehicle_ws/install/vehicle_sim/share/vehicle_sim/models
-- Installing: /home/khalidowlwalid/vehicle_ws/install/vehicle_sim/share/vehicle_sim/models/my_robot
-- Installing: /home/khalidowlwalid/vehicle_ws/install/vehicle_sim/share/vehicle_sim/models/my_robot/model.urdf
-- Installing: /home/khalidowlwalid/vehicle_ws/install/vehicle_sim/share/vehicle_sim/models/my_robot/model.config
-- Installing: /home/khalidowlwalid/vehicle_ws/install/vehicle_sim/share/ament_index/resource_index/package_run_dependencies/vehicle_sim
-- Installing: /home/khalidowlwalid/vehicle_ws/install/vehicle_sim/share/ament_index/resource_index/parent_prefix_path/vehicle_sim
-- Installing: /home/khalidowlwalid/vehicle_ws/install/vehicle_sim/share/vehicle_sim/environment/ament_prefix_path.sh
-- Installing: /home/khalidowlwalid/vehicle_ws/install/vehicle_sim/share/vehicle_sim/environment/ament_prefix_path.dsv
-- Installing: /home/khalidowlwalid/vehicle_ws/install/vehicle_sim/share/vehicle_sim/environment/path.sh
-- Installing: /home/khalidowlwalid/vehicle_ws/install/vehicle_sim/share/vehicle_sim/environment/path.dsv
-- Installing: /home/khalidowlwalid/vehicle_ws/install/vehicle_sim/share/vehicle_sim/local_setup.bash
-- Installing: /home/khalidowlwalid/vehicle_ws/install/vehicle_sim/share/vehicle_sim/local_setup.sh
-- Installing: /home/khalidowlwalid/vehicle_ws/install/vehicle_sim/share/vehicle_sim/local_setup.zsh
-- Installing: /home/khalidowlwalid/vehicle_ws/install/vehicle_sim/share/vehicle_sim/local_setup.dsv
-- Installing: /home/khalidowlwalid/vehicle_ws/install/vehicle_sim/share/vehicle_sim/package.dsv
-- Installing: /home/khalidowlwalid/vehicle_ws/install/vehicle_sim/share/ament_index/resource_index/packages/vehicle_sim
-- Installing: /home/khalidowlwalid/vehicle_ws/install/vehicle_sim/share/vehicle_sim/cmake/vehicle_simConfig.cmake
-- Installing: /home/khalidowlwalid/vehicle_ws/install/vehicle_sim/share/vehicle_sim/cmake/vehicle_simConfig-version.cmake
-- Installing: /home/khalidowlwalid/vehicle_ws/install/vehicle_sim/share/vehicle_sim/package.xml
