[0.113s] DEBUG:colcon:Command line arguments: ['/usr/bin/colcon', 'build']
[0.113s] DEBUG:colcon:Parsed command line arguments: Namespace(allow_overriding=[], ament_cmake_args=None, base_paths=['.'], build_base='build', catkin_cmake_args=None, catkin_skip_building_tests=False, cmake_args=None, cmake_clean_cache=False, cmake_clean_first=False, cmake_force_configure=False, cmake_target=None, cmake_target_skip_unavailable=False, continue_on_error=<colcon_core.argument_default.BooleanDefaultValue object at 0x7f3c6c44b7f0>, event_handlers=None, executor='parallel', ignore_user_meta=False, install_base='install', log_base=None, log_level=None, main=<bound method BuildVerb.main of <colcon_core.verb.build.BuildVerb object at 0x7f3c6c64a7c0>>, merge_install=False, metas=['./colcon.meta'], packages_above=None, packages_above_and_dependencies=None, packages_above_depth=None, packages_end=None, packages_ignore=None, packages_ignore_regex=None, packages_select=None, packages_select_build_failed=False, packages_select_by_dep=None, packages_select_regex=None, packages_select_test_failures=False, packages_skip=['zed_components', 'zed_interfaces', 'zed_ros2', 'zed_wrapper', 'ros_can', 'allan_deviation', 'ecl_command_line', 'ecl_core', 'ecl_core_apps', 'ecl_devices', 'ecl_filesystem', 'ecl_ipc', 'ecl_manipulators', 'ecl_mobile_robot', 'ecl_sigslots', 'ecl_statistics', 'ecl_streams', 'ecl_threads', 'ecl_time', 'ecl_console', 'ecl_converters_lite', 'ecl_io', 'ecl_lite', 'ecl_sigslots_lite', 'ecl_time_lite'], packages_skip_build_finished=False, packages_skip_by_dep=None, packages_skip_regex=None, packages_skip_test_passed=False, packages_skip_up_to=None, packages_start=None, packages_up_to=None, packages_up_to_regex=None, parallel_workers=12, paths=None, symlink_install=False, test_result_base=None, verb_extension=<colcon_core.verb.build.BuildVerb object at 0x7f3c6c64a7c0>, verb_name='build', verb_parser=<colcon_defaults.argument_parser.defaults.DefaultArgumentsDecorator object at 0x7f3c6c64ad30>)
[0.117s] Level 1:colcon.colcon_core.package_discovery:discover_packages(colcon_meta) check parameters
[0.117s] Level 1:colcon.colcon_core.package_discovery:discover_packages(recursive) check parameters
[0.117s] Level 1:colcon.colcon_core.package_discovery:discover_packages(ignore) check parameters
[0.117s] Level 1:colcon.colcon_core.package_discovery:discover_packages(path) check parameters
[0.117s] Level 1:colcon.colcon_core.package_discovery:discover_packages(colcon_meta) discover
[0.117s] Level 1:colcon.colcon_core.package_discovery:discover_packages(recursive) discover
[0.117s] INFO:colcon.colcon_core.package_discovery:Crawling recursively for packages in '/home/khalidowlwalid/vehicle_ws'
[0.117s] Level 1:colcon.colcon_core.package_identification:_identify(.) by extensions ['ignore', 'ignore_ament_install']
[0.117s] Level 1:colcon.colcon_core.package_identification:_identify(.) by extension 'ignore'
[0.117s] Level 1:colcon.colcon_core.package_identification:_identify(.) by extension 'ignore_ament_install'
[0.117s] Level 1:colcon.colcon_core.package_identification:_identify(.) by extensions ['colcon_pkg']
[0.117s] Level 1:colcon.colcon_core.package_identification:_identify(.) by extension 'colcon_pkg'
[0.117s] Level 1:colcon.colcon_core.package_identification:_identify(.) by extensions ['colcon_meta']
[0.117s] Level 1:colcon.colcon_core.package_identification:_identify(.) by extension 'colcon_meta'
[0.117s] Level 1:colcon.colcon_core.package_identification:_identify(.) by extensions ['ros']
[0.117s] Level 1:colcon.colcon_core.package_identification:_identify(.) by extension 'ros'
[0.124s] Level 1:colcon.colcon_core.package_identification:_identify(.) by extensions ['cmake', 'python']
[0.124s] Level 1:colcon.colcon_core.package_identification:_identify(.) by extension 'cmake'
[0.124s] Level 1:colcon.colcon_core.package_identification:_identify(.) by extension 'python'
[0.124s] Level 1:colcon.colcon_core.package_identification:_identify(.) by extensions ['python_setup_py']
[0.124s] Level 1:colcon.colcon_core.package_identification:_identify(.) by extension 'python_setup_py'
[0.124s] Level 1:colcon.colcon_core.package_identification:_identify(build) by extensions ['ignore', 'ignore_ament_install']
[0.124s] Level 1:colcon.colcon_core.package_identification:_identify(build) by extension 'ignore'
[0.124s] Level 1:colcon.colcon_core.package_identification:_identify(build) ignored
[0.124s] Level 1:colcon.colcon_core.package_identification:_identify(install) by extensions ['ignore', 'ignore_ament_install']
[0.124s] Level 1:colcon.colcon_core.package_identification:_identify(install) by extension 'ignore'
[0.124s] Level 1:colcon.colcon_core.package_identification:_identify(install) ignored
[0.124s] Level 1:colcon.colcon_core.package_identification:_identify(log) by extensions ['ignore', 'ignore_ament_install']
[0.124s] Level 1:colcon.colcon_core.package_identification:_identify(log) by extension 'ignore'
[0.124s] Level 1:colcon.colcon_core.package_identification:_identify(log) ignored
[0.124s] Level 1:colcon.colcon_core.package_identification:_identify(src) by extensions ['ignore', 'ignore_ament_install']
[0.125s] Level 1:colcon.colcon_core.package_identification:_identify(src) by extension 'ignore'
[0.125s] Level 1:colcon.colcon_core.package_identification:_identify(src) by extension 'ignore_ament_install'
[0.125s] Level 1:colcon.colcon_core.package_identification:_identify(src) by extensions ['colcon_pkg']
[0.125s] Level 1:colcon.colcon_core.package_identification:_identify(src) by extension 'colcon_pkg'
[0.125s] Level 1:colcon.colcon_core.package_identification:_identify(src) by extensions ['colcon_meta']
[0.125s] Level 1:colcon.colcon_core.package_identification:_identify(src) by extension 'colcon_meta'
[0.125s] Level 1:colcon.colcon_core.package_identification:_identify(src) by extensions ['ros']
[0.125s] Level 1:colcon.colcon_core.package_identification:_identify(src) by extension 'ros'
[0.125s] Level 1:colcon.colcon_core.package_identification:_identify(src) by extensions ['cmake', 'python']
[0.125s] Level 1:colcon.colcon_core.package_identification:_identify(src) by extension 'cmake'
[0.125s] Level 1:colcon.colcon_core.package_identification:_identify(src) by extension 'python'
[0.125s] Level 1:colcon.colcon_core.package_identification:_identify(src) by extensions ['python_setup_py']
[0.125s] Level 1:colcon.colcon_core.package_identification:_identify(src) by extension 'python_setup_py'
[0.125s] Level 1:colcon.colcon_core.package_identification:_identify(src/vehicle_sim) by extensions ['ignore', 'ignore_ament_install']
[0.125s] Level 1:colcon.colcon_core.package_identification:_identify(src/vehicle_sim) by extension 'ignore'
[0.125s] Level 1:colcon.colcon_core.package_identification:_identify(src/vehicle_sim) by extension 'ignore_ament_install'
[0.125s] Level 1:colcon.colcon_core.package_identification:_identify(src/vehicle_sim) by extensions ['colcon_pkg']
[0.125s] Level 1:colcon.colcon_core.package_identification:_identify(src/vehicle_sim) by extension 'colcon_pkg'
[0.125s] Level 1:colcon.colcon_core.package_identification:_identify(src/vehicle_sim) by extensions ['colcon_meta']
[0.125s] Level 1:colcon.colcon_core.package_identification:_identify(src/vehicle_sim) by extension 'colcon_meta'
[0.125s] Level 1:colcon.colcon_core.package_identification:_identify(src/vehicle_sim) by extensions ['ros']
[0.125s] Level 1:colcon.colcon_core.package_identification:_identify(src/vehicle_sim) by extension 'ros'
[0.126s] DEBUG:colcon.colcon_core.package_identification:Package 'src/vehicle_sim' with type 'ros.ament_cmake' and name 'vehicle_sim'
[0.127s] Level 1:colcon.colcon_core.package_identification:_identify(src/vehicle_spawner_pkg) by extensions ['ignore', 'ignore_ament_install']
[0.127s] Level 1:colcon.colcon_core.package_identification:_identify(src/vehicle_spawner_pkg) by extension 'ignore'
[0.127s] Level 1:colcon.colcon_core.package_identification:_identify(src/vehicle_spawner_pkg) by extension 'ignore_ament_install'
[0.127s] Level 1:colcon.colcon_core.package_identification:_identify(src/vehicle_spawner_pkg) by extensions ['colcon_pkg']
[0.127s] Level 1:colcon.colcon_core.package_identification:_identify(src/vehicle_spawner_pkg) by extension 'colcon_pkg'
[0.127s] Level 1:colcon.colcon_core.package_identification:_identify(src/vehicle_spawner_pkg) by extensions ['colcon_meta']
[0.127s] Level 1:colcon.colcon_core.package_identification:_identify(src/vehicle_spawner_pkg) by extension 'colcon_meta'
[0.127s] Level 1:colcon.colcon_core.package_identification:_identify(src/vehicle_spawner_pkg) by extensions ['ros']
[0.127s] Level 1:colcon.colcon_core.package_identification:_identify(src/vehicle_spawner_pkg) by extension 'ros'
[0.127s] DEBUG:colcon.colcon_core.package_identification:Package 'src/vehicle_spawner_pkg' with type 'ros.ament_python' and name 'vehicle_spawner_pkg'
[0.127s] Level 1:colcon.colcon_core.package_discovery:discover_packages(recursive) using defaults
[0.127s] Level 1:colcon.colcon_core.package_discovery:discover_packages(ignore) discover
[0.127s] Level 1:colcon.colcon_core.package_discovery:discover_packages(ignore) using defaults
[0.127s] Level 1:colcon.colcon_core.package_discovery:discover_packages(path) discover
[0.127s] Level 1:colcon.colcon_core.package_discovery:discover_packages(path) using defaults
[0.128s] WARNING:colcon.colcon_core.package_selection:ignoring unknown package 'zed_components' in --packages-skip
[0.128s] WARNING:colcon.colcon_core.package_selection:ignoring unknown package 'zed_interfaces' in --packages-skip
[0.128s] WARNING:colcon.colcon_core.package_selection:ignoring unknown package 'zed_ros2' in --packages-skip
[0.128s] WARNING:colcon.colcon_core.package_selection:ignoring unknown package 'zed_wrapper' in --packages-skip
[0.128s] WARNING:colcon.colcon_core.package_selection:ignoring unknown package 'ros_can' in --packages-skip
[0.128s] WARNING:colcon.colcon_core.package_selection:ignoring unknown package 'allan_deviation' in --packages-skip
[0.128s] WARNING:colcon.colcon_core.package_selection:ignoring unknown package 'ecl_command_line' in --packages-skip
[0.128s] WARNING:colcon.colcon_core.package_selection:ignoring unknown package 'ecl_core' in --packages-skip
[0.128s] WARNING:colcon.colcon_core.package_selection:ignoring unknown package 'ecl_core_apps' in --packages-skip
[0.128s] WARNING:colcon.colcon_core.package_selection:ignoring unknown package 'ecl_devices' in --packages-skip
[0.128s] WARNING:colcon.colcon_core.package_selection:ignoring unknown package 'ecl_filesystem' in --packages-skip
[0.128s] WARNING:colcon.colcon_core.package_selection:ignoring unknown package 'ecl_ipc' in --packages-skip
[0.128s] WARNING:colcon.colcon_core.package_selection:ignoring unknown package 'ecl_manipulators' in --packages-skip
[0.128s] WARNING:colcon.colcon_core.package_selection:ignoring unknown package 'ecl_mobile_robot' in --packages-skip
[0.128s] WARNING:colcon.colcon_core.package_selection:ignoring unknown package 'ecl_sigslots' in --packages-skip
[0.128s] WARNING:colcon.colcon_core.package_selection:ignoring unknown package 'ecl_statistics' in --packages-skip
[0.128s] WARNING:colcon.colcon_core.package_selection:ignoring unknown package 'ecl_streams' in --packages-skip
[0.128s] WARNING:colcon.colcon_core.package_selection:ignoring unknown package 'ecl_threads' in --packages-skip
[0.128s] WARNING:colcon.colcon_core.package_selection:ignoring unknown package 'ecl_time' in --packages-skip
[0.128s] WARNING:colcon.colcon_core.package_selection:ignoring unknown package 'ecl_console' in --packages-skip
[0.128s] WARNING:colcon.colcon_core.package_selection:ignoring unknown package 'ecl_converters_lite' in --packages-skip
[0.128s] WARNING:colcon.colcon_core.package_selection:ignoring unknown package 'ecl_io' in --packages-skip
[0.128s] WARNING:colcon.colcon_core.package_selection:ignoring unknown package 'ecl_lite' in --packages-skip
[0.128s] WARNING:colcon.colcon_core.package_selection:ignoring unknown package 'ecl_sigslots_lite' in --packages-skip
[0.128s] WARNING:colcon.colcon_core.package_selection:ignoring unknown package 'ecl_time_lite' in --packages-skip
[0.140s] Level 5:colcon.colcon_core.verb:set package 'vehicle_sim' build argument 'cmake_args' from command line to 'None'
[0.141s] Level 5:colcon.colcon_core.verb:set package 'vehicle_sim' build argument 'cmake_target' from command line to 'None'
[0.141s] Level 5:colcon.colcon_core.verb:set package 'vehicle_sim' build argument 'cmake_target_skip_unavailable' from command line to 'False'
[0.141s] Level 5:colcon.colcon_core.verb:set package 'vehicle_sim' build argument 'cmake_clean_cache' from command line to 'False'
[0.141s] Level 5:colcon.colcon_core.verb:set package 'vehicle_sim' build argument 'cmake_clean_first' from command line to 'False'
[0.141s] Level 5:colcon.colcon_core.verb:set package 'vehicle_sim' build argument 'cmake_force_configure' from command line to 'False'
[0.141s] Level 5:colcon.colcon_core.verb:set package 'vehicle_sim' build argument 'ament_cmake_args' from command line to 'None'
[0.141s] Level 5:colcon.colcon_core.verb:set package 'vehicle_sim' build argument 'catkin_cmake_args' from command line to 'None'
[0.141s] Level 5:colcon.colcon_core.verb:set package 'vehicle_sim' build argument 'catkin_skip_building_tests' from command line to 'False'
[0.141s] DEBUG:colcon.colcon_core.verb:Building package 'vehicle_sim' with the following arguments: {'ament_cmake_args': None, 'build_base': '/home/khalidowlwalid/vehicle_ws/build/vehicle_sim', 'catkin_cmake_args': None, 'catkin_skip_building_tests': False, 'cmake_args': None, 'cmake_clean_cache': False, 'cmake_clean_first': False, 'cmake_force_configure': False, 'cmake_target': None, 'cmake_target_skip_unavailable': False, 'install_base': '/home/khalidowlwalid/vehicle_ws/install/vehicle_sim', 'merge_install': False, 'path': '/home/khalidowlwalid/vehicle_ws/src/vehicle_sim', 'symlink_install': False, 'test_result_base': None}
[0.141s] Level 5:colcon.colcon_core.verb:set package 'vehicle_spawner_pkg' build argument 'cmake_args' from command line to 'None'
[0.141s] Level 5:colcon.colcon_core.verb:set package 'vehicle_spawner_pkg' build argument 'cmake_target' from command line to 'None'
[0.141s] Level 5:colcon.colcon_core.verb:set package 'vehicle_spawner_pkg' build argument 'cmake_target_skip_unavailable' from command line to 'False'
[0.141s] Level 5:colcon.colcon_core.verb:set package 'vehicle_spawner_pkg' build argument 'cmake_clean_cache' from command line to 'False'
[0.141s] Level 5:colcon.colcon_core.verb:set package 'vehicle_spawner_pkg' build argument 'cmake_clean_first' from command line to 'False'
[0.141s] Level 5:colcon.colcon_core.verb:set package 'vehicle_spawner_pkg' build argument 'cmake_force_configure' from command line to 'False'
[0.141s] Level 5:colcon.colcon_core.verb:set package 'vehicle_spawner_pkg' build argument 'ament_cmake_args' from command line to 'None'
[0.141s] Level 5:colcon.colcon_core.verb:set package 'vehicle_spawner_pkg' build argument 'catkin_cmake_args' from command line to 'None'
[0.141s] Level 5:colcon.colcon_core.verb:set package 'vehicle_spawner_pkg' build argument 'catkin_skip_building_tests' from command line to 'False'
[0.141s] DEBUG:colcon.colcon_core.verb:Building package 'vehicle_spawner_pkg' with the following arguments: {'ament_cmake_args': None, 'build_base': '/home/khalidowlwalid/vehicle_ws/build/vehicle_spawner_pkg', 'catkin_cmake_args': None, 'catkin_skip_building_tests': False, 'cmake_args': None, 'cmake_clean_cache': False, 'cmake_clean_first': False, 'cmake_force_configure': False, 'cmake_target': None, 'cmake_target_skip_unavailable': False, 'install_base': '/home/khalidowlwalid/vehicle_ws/install/vehicle_spawner_pkg', 'merge_install': False, 'path': '/home/khalidowlwalid/vehicle_ws/src/vehicle_spawner_pkg', 'symlink_install': False, 'test_result_base': None}
[0.148s] INFO:colcon.colcon_core.executor:Executing jobs using 'parallel' executor
[0.149s] DEBUG:colcon.colcon_parallel_executor.executor.parallel:run_until_complete
[0.149s] INFO:colcon.colcon_ros.task.ament_cmake.build:Building ROS package in '/home/khalidowlwalid/vehicle_ws/src/vehicle_sim' with build type 'ament_cmake'
[0.150s] INFO:colcon.colcon_cmake.task.cmake.build:Building CMake package in '/home/khalidowlwalid/vehicle_ws/src/vehicle_sim'
[0.155s] INFO:colcon.colcon_core.plugin_system:Skipping extension 'colcon_core.shell.bat': Not used on non-Windows systems
[0.155s] INFO:colcon.colcon_core.shell:Skip shell extension 'powershell' for command environment: Not usable outside of PowerShell
[0.155s] DEBUG:colcon.colcon_core.shell:Skip shell extension 'dsv' for command environment
[0.161s] INFO:colcon.colcon_ros.task.ament_python.build:Building ROS package in '/home/khalidowlwalid/vehicle_ws/src/vehicle_spawner_pkg' with build type 'ament_python'
[0.161s] Level 1:colcon.colcon_core.shell:create_environment_hook('vehicle_spawner_pkg', 'ament_prefix_path')
[0.162s] INFO:colcon.colcon_core.shell:Creating environment hook '/home/khalidowlwalid/vehicle_ws/install/vehicle_spawner_pkg/share/vehicle_spawner_pkg/hook/ament_prefix_path.ps1'
[0.163s] INFO:colcon.colcon_core.shell:Creating environment descriptor '/home/khalidowlwalid/vehicle_ws/install/vehicle_spawner_pkg/share/vehicle_spawner_pkg/hook/ament_prefix_path.dsv'
[0.164s] INFO:colcon.colcon_core.shell:Creating environment hook '/home/khalidowlwalid/vehicle_ws/install/vehicle_spawner_pkg/share/vehicle_spawner_pkg/hook/ament_prefix_path.sh'
[0.164s] INFO:colcon.colcon_core.shell:Skip shell extension 'powershell' for command environment: Not usable outside of PowerShell
[0.164s] DEBUG:colcon.colcon_core.shell:Skip shell extension 'dsv' for command environment
[0.173s] DEBUG:colcon.colcon_core.event_handler.log_command:Invoking command in '/home/khalidowlwalid/vehicle_ws/build/vehicle_sim': CMAKE_PREFIX_PATH=${CMAKE_PREFIX_PATH}:/home/khalidowlwalid/eufs-master/install/telemetry_server:/home/khalidowlwalid/eufs-master/install/status_monitor:/home/khalidowlwalid/eufs-master/install/state_machine:/home/khalidowlwalid/eufs-master/install/simulation_tests:/home/khalidowlwalid/eufs-master/install/rtk_mapper:/home/khalidowlwalid/eufs-master/install/perception_tests:/home/khalidowlwalid/eufs-master/install/parameter_changer:/home/khalidowlwalid/eufs-master/install/local_planner:/home/khalidowlwalid/eufs-master/install/finish_line_detector:/home/khalidowlwalid/eufs-master/install/evaluator_scripts:/home/khalidowlwalid/eufs-master/install/eufs_urdf:/home/khalidowlwalid/eufs-master/install/eufs_launcher:/home/khalidowlwalid/eufs-master/install/eufs_tracks:/home/khalidowlwalid/eufs-master/install/eufs_rqt:/home/khalidowlwalid/eufs-master/install/eufs_racecar:/home/khalidowlwalid/eufs-master/install/control_eval:/home/khalidowlwalid/eufs-master/install/eufs_data:/home/khalidowlwalid/eufs-master/install/chaos_monkey:/home/khalidowlwalid/dev_ws/install/rtk_mapper:/opt/ros/galactic /usr/bin/cmake --build /home/khalidowlwalid/vehicle_ws/build/vehicle_sim -- -j12 -l12
[0.342s] INFO:colcon.colcon_core.task.python.build:Building Python package in '/home/khalidowlwalid/vehicle_ws/src/vehicle_spawner_pkg'
[0.343s] INFO:colcon.colcon_core.shell:Skip shell extension 'powershell' for command environment: Not usable outside of PowerShell
[0.343s] DEBUG:colcon.colcon_core.shell:Skip shell extension 'dsv' for command environment
[0.350s] DEBUG:colcon.colcon_core.event_handler.log_command:Invoked command in '/home/khalidowlwalid/vehicle_ws/build/vehicle_sim' returned '0': CMAKE_PREFIX_PATH=${CMAKE_PREFIX_PATH}:/home/khalidowlwalid/eufs-master/install/telemetry_server:/home/khalidowlwalid/eufs-master/install/status_monitor:/home/khalidowlwalid/eufs-master/install/state_machine:/home/khalidowlwalid/eufs-master/install/simulation_tests:/home/khalidowlwalid/eufs-master/install/rtk_mapper:/home/khalidowlwalid/eufs-master/install/perception_tests:/home/khalidowlwalid/eufs-master/install/parameter_changer:/home/khalidowlwalid/eufs-master/install/local_planner:/home/khalidowlwalid/eufs-master/install/finish_line_detector:/home/khalidowlwalid/eufs-master/install/evaluator_scripts:/home/khalidowlwalid/eufs-master/install/eufs_urdf:/home/khalidowlwalid/eufs-master/install/eufs_launcher:/home/khalidowlwalid/eufs-master/install/eufs_tracks:/home/khalidowlwalid/eufs-master/install/eufs_rqt:/home/khalidowlwalid/eufs-master/install/eufs_racecar:/home/khalidowlwalid/eufs-master/install/control_eval:/home/khalidowlwalid/eufs-master/install/eufs_data:/home/khalidowlwalid/eufs-master/install/chaos_monkey:/home/khalidowlwalid/dev_ws/install/rtk_mapper:/opt/ros/galactic /usr/bin/cmake --build /home/khalidowlwalid/vehicle_ws/build/vehicle_sim -- -j12 -l12
[0.381s] DEBUG:colcon.colcon_core.event_handler.log_command:Invoking command in '/home/khalidowlwalid/vehicle_ws/build/vehicle_sim': CMAKE_PREFIX_PATH=${CMAKE_PREFIX_PATH}:/home/khalidowlwalid/eufs-master/install/telemetry_server:/home/khalidowlwalid/eufs-master/install/status_monitor:/home/khalidowlwalid/eufs-master/install/state_machine:/home/khalidowlwalid/eufs-master/install/simulation_tests:/home/khalidowlwalid/eufs-master/install/rtk_mapper:/home/khalidowlwalid/eufs-master/install/perception_tests:/home/khalidowlwalid/eufs-master/install/parameter_changer:/home/khalidowlwalid/eufs-master/install/local_planner:/home/khalidowlwalid/eufs-master/install/finish_line_detector:/home/khalidowlwalid/eufs-master/install/evaluator_scripts:/home/khalidowlwalid/eufs-master/install/eufs_urdf:/home/khalidowlwalid/eufs-master/install/eufs_launcher:/home/khalidowlwalid/eufs-master/install/eufs_tracks:/home/khalidowlwalid/eufs-master/install/eufs_rqt:/home/khalidowlwalid/eufs-master/install/eufs_racecar:/home/khalidowlwalid/eufs-master/install/control_eval:/home/khalidowlwalid/eufs-master/install/eufs_data:/home/khalidowlwalid/eufs-master/install/chaos_monkey:/home/khalidowlwalid/dev_ws/install/rtk_mapper:/opt/ros/galactic /usr/bin/cmake --install /home/khalidowlwalid/vehicle_ws/build/vehicle_sim
[0.390s] Level 1:colcon.colcon_core.environment:create_environment_scripts_only(vehicle_sim)
[0.391s] DEBUG:colcon.colcon_core.event_handler.log_command:Invoked command in '/home/khalidowlwalid/vehicle_ws/build/vehicle_sim' returned '0': CMAKE_PREFIX_PATH=${CMAKE_PREFIX_PATH}:/home/khalidowlwalid/eufs-master/install/telemetry_server:/home/khalidowlwalid/eufs-master/install/status_monitor:/home/khalidowlwalid/eufs-master/install/state_machine:/home/khalidowlwalid/eufs-master/install/simulation_tests:/home/khalidowlwalid/eufs-master/install/rtk_mapper:/home/khalidowlwalid/eufs-master/install/perception_tests:/home/khalidowlwalid/eufs-master/install/parameter_changer:/home/khalidowlwalid/eufs-master/install/local_planner:/home/khalidowlwalid/eufs-master/install/finish_line_detector:/home/khalidowlwalid/eufs-master/install/evaluator_scripts:/home/khalidowlwalid/eufs-master/install/eufs_urdf:/home/khalidowlwalid/eufs-master/install/eufs_launcher:/home/khalidowlwalid/eufs-master/install/eufs_tracks:/home/khalidowlwalid/eufs-master/install/eufs_rqt:/home/khalidowlwalid/eufs-master/install/eufs_racecar:/home/khalidowlwalid/eufs-master/install/control_eval:/home/khalidowlwalid/eufs-master/install/eufs_data:/home/khalidowlwalid/eufs-master/install/chaos_monkey:/home/khalidowlwalid/dev_ws/install/rtk_mapper:/opt/ros/galactic /usr/bin/cmake --install /home/khalidowlwalid/vehicle_ws/build/vehicle_sim
[0.397s] Level 1:colcon.colcon_core.environment:checking '/home/khalidowlwalid/vehicle_ws/install/vehicle_sim' for CMake module files
[0.397s] Level 1:colcon.colcon_core.environment:checking '/home/khalidowlwalid/vehicle_ws/install/vehicle_sim' for CMake config files
[0.398s] Level 1:colcon.colcon_core.shell:create_environment_hook('vehicle_sim', 'cmake_prefix_path')
[0.398s] INFO:colcon.colcon_core.shell:Creating environment hook '/home/khalidowlwalid/vehicle_ws/install/vehicle_sim/share/vehicle_sim/hook/cmake_prefix_path.ps1'
[0.398s] INFO:colcon.colcon_core.shell:Creating environment descriptor '/home/khalidowlwalid/vehicle_ws/install/vehicle_sim/share/vehicle_sim/hook/cmake_prefix_path.dsv'
[0.399s] INFO:colcon.colcon_core.shell:Creating environment hook '/home/khalidowlwalid/vehicle_ws/install/vehicle_sim/share/vehicle_sim/hook/cmake_prefix_path.sh'
[0.399s] Level 1:colcon.colcon_core.environment:checking '/home/khalidowlwalid/vehicle_ws/install/vehicle_sim/bin'
[0.399s] Level 1:colcon.colcon_core.environment:checking '/home/khalidowlwalid/vehicle_ws/install/vehicle_sim/lib/pkgconfig/vehicle_sim.pc'
[0.399s] Level 1:colcon.colcon_core.environment:checking '/home/khalidowlwalid/vehicle_ws/install/vehicle_sim/lib/python3.8/site-packages'
[0.400s] INFO:colcon.colcon_core.shell:Creating package script '/home/khalidowlwalid/vehicle_ws/install/vehicle_sim/share/vehicle_sim/package.ps1'
[0.400s] INFO:colcon.colcon_core.shell:Creating package descriptor '/home/khalidowlwalid/vehicle_ws/install/vehicle_sim/share/vehicle_sim/package.dsv'
[0.401s] INFO:colcon.colcon_core.shell:Creating package script '/home/khalidowlwalid/vehicle_ws/install/vehicle_sim/share/vehicle_sim/package.sh'
[0.401s] INFO:colcon.colcon_core.shell:Creating package script '/home/khalidowlwalid/vehicle_ws/install/vehicle_sim/share/vehicle_sim/package.bash'
[0.402s] INFO:colcon.colcon_core.shell:Creating package script '/home/khalidowlwalid/vehicle_ws/install/vehicle_sim/share/vehicle_sim/package.zsh'
[0.403s] Level 1:colcon.colcon_core.environment:create_file_with_runtime_dependencies(/home/khalidowlwalid/vehicle_ws/install/vehicle_sim/share/colcon-core/packages/vehicle_sim)
[0.424s] Level 1:colcon.colcon_core.environment:create_environment_scripts_only(vehicle_sim)
[0.425s] Level 1:colcon.colcon_core.environment:checking '/home/khalidowlwalid/vehicle_ws/install/vehicle_sim' for CMake module files
[0.425s] Level 1:colcon.colcon_core.environment:checking '/home/khalidowlwalid/vehicle_ws/install/vehicle_sim' for CMake config files
[0.425s] Level 1:colcon.colcon_core.shell:create_environment_hook('vehicle_sim', 'cmake_prefix_path')
[0.425s] INFO:colcon.colcon_core.shell:Creating environment hook '/home/khalidowlwalid/vehicle_ws/install/vehicle_sim/share/vehicle_sim/hook/cmake_prefix_path.ps1'
[0.426s] INFO:colcon.colcon_core.shell:Creating environment descriptor '/home/khalidowlwalid/vehicle_ws/install/vehicle_sim/share/vehicle_sim/hook/cmake_prefix_path.dsv'
[0.426s] INFO:colcon.colcon_core.shell:Creating environment hook '/home/khalidowlwalid/vehicle_ws/install/vehicle_sim/share/vehicle_sim/hook/cmake_prefix_path.sh'
[0.426s] Level 1:colcon.colcon_core.environment:checking '/home/khalidowlwalid/vehicle_ws/install/vehicle_sim/bin'
[0.426s] Level 1:colcon.colcon_core.environment:checking '/home/khalidowlwalid/vehicle_ws/install/vehicle_sim/lib/pkgconfig/vehicle_sim.pc'
[0.426s] Level 1:colcon.colcon_core.environment:checking '/home/khalidowlwalid/vehicle_ws/install/vehicle_sim/lib/python3.8/site-packages'
[0.427s] INFO:colcon.colcon_core.shell:Creating package script '/home/khalidowlwalid/vehicle_ws/install/vehicle_sim/share/vehicle_sim/package.ps1'
[0.427s] INFO:colcon.colcon_core.shell:Creating package descriptor '/home/khalidowlwalid/vehicle_ws/install/vehicle_sim/share/vehicle_sim/package.dsv'
[0.427s] INFO:colcon.colcon_core.shell:Creating package script '/home/khalidowlwalid/vehicle_ws/install/vehicle_sim/share/vehicle_sim/package.sh'
[0.427s] INFO:colcon.colcon_core.shell:Creating package script '/home/khalidowlwalid/vehicle_ws/install/vehicle_sim/share/vehicle_sim/package.bash'
[0.428s] INFO:colcon.colcon_core.shell:Creating package script '/home/khalidowlwalid/vehicle_ws/install/vehicle_sim/share/vehicle_sim/package.zsh'
[0.428s] Level 1:colcon.colcon_core.environment:create_file_with_runtime_dependencies(/home/khalidowlwalid/vehicle_ws/install/vehicle_sim/share/colcon-core/packages/vehicle_sim)
[0.677s] DEBUG:colcon.colcon_core.event_handler.log_command:Invoking command in '/home/khalidowlwalid/vehicle_ws/src/vehicle_spawner_pkg': PYTHONPATH=/home/khalidowlwalid/vehicle_ws/install/vehicle_spawner_pkg/lib/python3.8/site-packages:${PYTHONPATH} /usr/bin/python3 setup.py egg_info --egg-base ../../build/vehicle_spawner_pkg build --build-base /home/khalidowlwalid/vehicle_ws/build/vehicle_spawner_pkg/build install --prefix /home/khalidowlwalid/vehicle_ws/install/vehicle_spawner_pkg --record /home/khalidowlwalid/vehicle_ws/build/vehicle_spawner_pkg/install.log --single-version-externally-managed
[0.882s] Level 1:colcon.colcon_core.environment:checking '/home/khalidowlwalid/vehicle_ws/install/vehicle_spawner_pkg' for CMake module files
[0.883s] DEBUG:colcon.colcon_core.event_handler.log_command:Invoked command in '/home/khalidowlwalid/vehicle_ws/src/vehicle_spawner_pkg' returned '0': PYTHONPATH=/home/khalidowlwalid/vehicle_ws/install/vehicle_spawner_pkg/lib/python3.8/site-packages:${PYTHONPATH} /usr/bin/python3 setup.py egg_info --egg-base ../../build/vehicle_spawner_pkg build --build-base /home/khalidowlwalid/vehicle_ws/build/vehicle_spawner_pkg/build install --prefix /home/khalidowlwalid/vehicle_ws/install/vehicle_spawner_pkg --record /home/khalidowlwalid/vehicle_ws/build/vehicle_spawner_pkg/install.log --single-version-externally-managed
[0.883s] Level 1:colcon.colcon_core.environment:checking '/home/khalidowlwalid/vehicle_ws/install/vehicle_spawner_pkg' for CMake config files
[0.883s] Level 1:colcon.colcon_core.environment:checking '/home/khalidowlwalid/vehicle_ws/install/vehicle_spawner_pkg/lib'
[0.884s] Level 1:colcon.colcon_core.environment:checking '/home/khalidowlwalid/vehicle_ws/install/vehicle_spawner_pkg/bin'
[0.884s] Level 1:colcon.colcon_core.environment:checking '/home/khalidowlwalid/vehicle_ws/install/vehicle_spawner_pkg/lib/pkgconfig/vehicle_spawner_pkg.pc'
[0.884s] Level 1:colcon.colcon_core.environment:checking '/home/khalidowlwalid/vehicle_ws/install/vehicle_spawner_pkg/lib/python3.8/site-packages'
[0.884s] Level 1:colcon.colcon_core.shell:create_environment_hook('vehicle_spawner_pkg', 'pythonpath')
[0.884s] INFO:colcon.colcon_core.shell:Creating environment hook '/home/khalidowlwalid/vehicle_ws/install/vehicle_spawner_pkg/share/vehicle_spawner_pkg/hook/pythonpath.ps1'
[0.884s] INFO:colcon.colcon_core.shell:Creating environment descriptor '/home/khalidowlwalid/vehicle_ws/install/vehicle_spawner_pkg/share/vehicle_spawner_pkg/hook/pythonpath.dsv'
[0.885s] INFO:colcon.colcon_core.shell:Creating environment hook '/home/khalidowlwalid/vehicle_ws/install/vehicle_spawner_pkg/share/vehicle_spawner_pkg/hook/pythonpath.sh'
[0.885s] Level 1:colcon.colcon_core.environment:create_environment_scripts_only(vehicle_spawner_pkg)
[0.885s] INFO:colcon.colcon_core.shell:Creating package script '/home/khalidowlwalid/vehicle_ws/install/vehicle_spawner_pkg/share/vehicle_spawner_pkg/package.ps1'
[0.886s] INFO:colcon.colcon_core.shell:Creating package descriptor '/home/khalidowlwalid/vehicle_ws/install/vehicle_spawner_pkg/share/vehicle_spawner_pkg/package.dsv'
[0.886s] INFO:colcon.colcon_core.shell:Creating package script '/home/khalidowlwalid/vehicle_ws/install/vehicle_spawner_pkg/share/vehicle_spawner_pkg/package.sh'
[0.886s] INFO:colcon.colcon_core.shell:Creating package script '/home/khalidowlwalid/vehicle_ws/install/vehicle_spawner_pkg/share/vehicle_spawner_pkg/package.bash'
[0.886s] INFO:colcon.colcon_core.shell:Creating package script '/home/khalidowlwalid/vehicle_ws/install/vehicle_spawner_pkg/share/vehicle_spawner_pkg/package.zsh'
[0.886s] Level 1:colcon.colcon_core.environment:create_file_with_runtime_dependencies(/home/khalidowlwalid/vehicle_ws/install/vehicle_spawner_pkg/share/colcon-core/packages/vehicle_spawner_pkg)
[0.887s] DEBUG:colcon.colcon_parallel_executor.executor.parallel:closing loop
[0.887s] DEBUG:colcon.colcon_parallel_executor.executor.parallel:loop closed
[0.887s] DEBUG:colcon.colcon_parallel_executor.executor.parallel:run_until_complete finished with '0'
[0.887s] DEBUG:colcon.colcon_core.event_reactor:joining thread
[0.893s] INFO:colcon.colcon_core.plugin_system:Skipping extension 'colcon_notification.desktop_notification.terminal_notifier': Not used on non-Darwin systems
[0.901s] INFO:colcon.colcon_core.plugin_system:Skipping extension 'colcon_notification.desktop_notification.win32': Not used on non-Windows systems
[0.901s] INFO:colcon.colcon_notification.desktop_notification:Sending desktop notification using 'notify2'
[0.909s] DEBUG:colcon.colcon_core.event_reactor:joined thread
[0.910s] INFO:colcon.colcon_core.shell:Creating prefix script '/home/khalidowlwalid/vehicle_ws/install/local_setup.ps1'
[0.911s] INFO:colcon.colcon_core.shell:Creating prefix util module '/home/khalidowlwalid/vehicle_ws/install/_local_setup_util_ps1.py'
[0.912s] INFO:colcon.colcon_core.shell:Creating prefix chain script '/home/khalidowlwalid/vehicle_ws/install/setup.ps1'
[0.914s] INFO:colcon.colcon_core.shell:Creating prefix script '/home/khalidowlwalid/vehicle_ws/install/local_setup.sh'
[0.914s] INFO:colcon.colcon_core.shell:Creating prefix util module '/home/khalidowlwalid/vehicle_ws/install/_local_setup_util_sh.py'
[0.915s] INFO:colcon.colcon_core.shell:Creating prefix chain script '/home/khalidowlwalid/vehicle_ws/install/setup.sh'
[0.916s] INFO:colcon.colcon_core.shell:Creating prefix script '/home/khalidowlwalid/vehicle_ws/install/local_setup.bash'
[0.917s] INFO:colcon.colcon_core.shell:Creating prefix chain script '/home/khalidowlwalid/vehicle_ws/install/setup.bash'
[0.919s] INFO:colcon.colcon_core.shell:Creating prefix script '/home/khalidowlwalid/vehicle_ws/install/local_setup.zsh'
[0.919s] INFO:colcon.colcon_core.shell:Creating prefix chain script '/home/khalidowlwalid/vehicle_ws/install/setup.zsh'
