[0.745s] Invoking command in '/home/khalidowlwalid/vehicle_ws/src/vehicle_spawner_pkg': PYTHONPATH=/home/khalidowlwalid/vehicle_ws/install/vehicle_spawner_pkg/lib/python3.8/site-packages:${PYTHONPATH} /usr/bin/python3 setup.py egg_info --egg-base ../../build/vehicle_spawner_pkg build --build-base /home/khalidowlwalid/vehicle_ws/build/vehicle_spawner_pkg/build install --prefix /home/khalidowlwalid/vehicle_ws/install/vehicle_spawner_pkg --record /home/khalidowlwalid/vehicle_ws/build/vehicle_spawner_pkg/install.log --single-version-externally-managed
[0.996s] running egg_info
[0.997s] writing ../../build/vehicle_spawner_pkg/vehicle_spawner_pkg.egg-info/PKG-INFO
[0.997s] writing dependency_links to ../../build/vehicle_spawner_pkg/vehicle_spawner_pkg.egg-info/dependency_links.txt
[0.997s] writing entry points to ../../build/vehicle_spawner_pkg/vehicle_spawner_pkg.egg-info/entry_points.txt
[0.997s] writing requirements to ../../build/vehicle_spawner_pkg/vehicle_spawner_pkg.egg-info/requires.txt
[0.997s] writing top-level names to ../../build/vehicle_spawner_pkg/vehicle_spawner_pkg.egg-info/top_level.txt
[1.033s] reading manifest file '../../build/vehicle_spawner_pkg/vehicle_spawner_pkg.egg-info/SOURCES.txt'
[1.033s] writing manifest file '../../build/vehicle_spawner_pkg/vehicle_spawner_pkg.egg-info/SOURCES.txt'
[1.033s] running build
[1.034s] running build_py
[1.034s] running install
[1.035s] running install_lib
[1.036s] running install_data
[1.037s] running install_egg_info
[1.039s] removing '/home/khalidowlwalid/vehicle_ws/install/vehicle_spawner_pkg/lib/python3.8/site-packages/vehicle_spawner_pkg-0.0.0-py3.8.egg-info' (and everything under it)
[1.039s] Copying ../../build/vehicle_spawner_pkg/vehicle_spawner_pkg.egg-info to /home/khalidowlwalid/vehicle_ws/install/vehicle_spawner_pkg/lib/python3.8/site-packages/vehicle_spawner_pkg-0.0.0-py3.8.egg-info
[1.039s] running install_scripts
[1.058s] Installing spawn_vehicle script to /home/khalidowlwalid/vehicle_ws/install/vehicle_spawner_pkg/lib/vehicle_spawner_pkg
[1.058s] writing list of installed files to '/home/khalidowlwalid/vehicle_ws/build/vehicle_spawner_pkg/install.log'
[1.081s] Invoked command in '/home/khalidowlwalid/vehicle_ws/src/vehicle_spawner_pkg' returned '0': PYTHONPATH=/home/khalidowlwalid/vehicle_ws/install/vehicle_spawner_pkg/lib/python3.8/site-packages:${PYTHONPATH} /usr/bin/python3 setup.py egg_info --egg-base ../../build/vehicle_spawner_pkg build --build-base /home/khalidowlwalid/vehicle_ws/build/vehicle_spawner_pkg/build install --prefix /home/khalidowlwalid/vehicle_ws/install/vehicle_spawner_pkg --record /home/khalidowlwalid/vehicle_ws/build/vehicle_spawner_pkg/install.log --single-version-externally-managed
